2017-11-15 09:35:52 -  - exec CUpdateClient::GetUpdatesList
2017-11-15 09:35:52 -  - exec CUpdateClient::CollectRequestData
2017-11-15 09:35:52 -  - LICENSE_KEY=X&lang=ru&SUPD_VER=17.0.7&VERSION=17.0.9&TYPENC=D&SUPD_STS=1&SUPD_URS=0&SUPD_DBS=MYSQL&XE=N&CLIENT_SITE=10.64.248.66&CHHB=10.64.248.66%3A80&CSAB=127.0.0.1&SUID=47b3825d614960e96db8850df38be1c3&CANGZIP=Y&CLIENT_PHPVER=7.0.21&stable=Y&NGINX=Y&rerere=Y&bitm_main=17.0.9&bitm_scale=17.0.0&bitm_security=17.0.1&bitm_highloadblock=17.0.2&bitm_translate=15.0.0&bitm_vote=17.5.0&bitm_mobileapp=17.0.1&bitm_bitrixcloud=17.0.0&bitm_forum=17.5.1&bitm_photogallery=17.0.2&bitm_fileman=17.5.0&bitm_blog=17.5.2&bitm_subscribe=17.0.0&bitm_seo=17.0.6&bitm_form=17.0.1&bitm_socialservices=17.1.4&bitm_iblock=17.0.9&bitm_perfmon=17.0.0&bitm_b24connector=17.0.1&bitm_clouds=17.0.0&bitm_search=17.0.1&bitm_compression=16.0.0&bitl_en=&bitl_ru=&SUPD_SRS=RU&SUPD_CMP=N&SALE_15=Y
2017-11-15 09:35:52 -  - exec CUpdateClient::GetHTTPPage
2017-11-15 09:35:52 -  - TIME GetUpdatesList(request) 0.249 sec
2017-11-15 09:35:52 -  - exec CUpdateClient::ParseServerData
2017-11-15 09:35:58 -  - exec CUpdateClient::UpdateUpdate
2017-11-15 09:35:58 -  - exec CUpdateClient::CollectRequestData
2017-11-15 09:35:58 -  - LICENSE_KEY=X&lang=ru&SUPD_VER=17.0.7&VERSION=17.0.9&TYPENC=D&SUPD_STS=1&SUPD_URS=0&SUPD_DBS=MYSQL&XE=N&CLIENT_SITE=10.64.248.66&CHHB=10.64.248.66%3A80&CSAB=127.0.0.1&SUID=47b3825d614960e96db8850df38be1c3&CANGZIP=Y&CLIENT_PHPVER=7.0.21&stable=Y&NGINX=Y&rerere=Y&bitm_main=17.0.9&bitm_scale=17.0.0&bitm_security=17.0.1&bitm_highloadblock=17.0.2&bitm_translate=15.0.0&bitm_vote=17.5.0&bitm_mobileapp=17.0.1&bitm_bitrixcloud=17.0.0&bitm_forum=17.5.1&bitm_photogallery=17.0.2&bitm_fileman=17.5.0&bitm_blog=17.5.2&bitm_subscribe=17.0.0&bitm_seo=17.0.6&bitm_form=17.0.1&bitm_socialservices=17.1.4&bitm_iblock=17.0.9&bitm_perfmon=17.0.0&bitm_b24connector=17.0.1&bitm_clouds=17.0.0&bitm_search=17.0.1&bitm_compression=16.0.0&bitl_en=&bitl_ru=&SUPD_SRS=RU&SUPD_CMP=N&SALE_15=Y&query_type=updateupdate
2017-11-15 09:35:58 -  - exec CUpdateClient::GetHTTPPage
2017-11-15 09:36:01 -  - TIME UpdateUpdate(request) 2.106 sec
2017-11-15 09:36:01 -  - exec CUpdateClient::UnGzipArchive
2017-11-15 09:36:01 -  - TIME UnGzipArchive 0.013 sec
2017-11-15 09:36:01 -  - exec CUpdateClient::ParseServerData
2017-11-15 09:36:01 - CURV - Update updated successfully!
2017-11-15 09:36:01 - UPD_SUCCESS - Update system updated
2017-11-15 09:36:01 -  - exec CUpdateClient::GetUpdatesList
2017-11-15 09:36:01 -  - exec CUpdateClient::CollectRequestData
2017-11-15 09:36:01 -  - LICENSE_KEY=X&lang=ru&SUPD_VER=17.5.0&VERSION=17.0.9&TYPENC=D&SUPD_STS=1&SUPD_URS=0&SUPD_DBS=MYSQL&XE=N&CLIENT_SITE=10.64.248.66&CHHB=10.64.248.66%3A80&CSAB=127.0.0.1&SUID=47b3825d614960e96db8850df38be1c3&CANGZIP=Y&CLIENT_PHPVER=7.0.21&stable=Y&NGINX=Y&rerere=Y&bitm_main=17.0.9&bitm_scale=17.0.0&bitm_security=17.0.1&bitm_highloadblock=17.0.2&bitm_translate=15.0.0&bitm_vote=17.5.0&bitm_mobileapp=17.0.1&bitm_bitrixcloud=17.0.0&bitm_forum=17.5.1&bitm_photogallery=17.0.2&bitm_fileman=17.5.0&bitm_blog=17.5.2&bitm_subscribe=17.0.0&bitm_seo=17.0.6&bitm_form=17.0.1&bitm_socialservices=17.1.4&bitm_iblock=17.0.9&bitm_perfmon=17.0.0&bitm_b24connector=17.0.1&bitm_clouds=17.0.0&bitm_search=17.0.1&bitm_compression=16.0.0&bitl_en=&bitl_ru=&SUPD_SRS=RU&SUPD_CMP=N&SALE_15=Y
2017-11-15 09:36:01 -  - exec CUpdateClient::GetHTTPPage
2017-11-15 09:36:01 -  - TIME GetUpdatesList(request) 0.348 sec
2017-11-15 09:36:01 -  - exec CUpdateClient::ParseServerData
2017-11-15 09:36:16 -  - exec CUpdateClient::GetUpdatesList
2017-11-15 09:36:16 -  - exec CUpdateClient::CollectRequestData
2017-11-15 09:36:16 -  - LICENSE_KEY=X&lang=ru&SUPD_VER=17.5.0&VERSION=17.0.9&TYPENC=D&SUPD_STS=1&SUPD_URS=0&SUPD_DBS=MYSQL&XE=N&CLIENT_SITE=10.64.248.66&CHHB=10.64.248.66%3A80&CSAB=127.0.0.1&SUID=47b3825d614960e96db8850df38be1c3&CANGZIP=Y&CLIENT_PHPVER=7.0.21&stable=Y&NGINX=Y&rerere=Y&bitm_main=17.0.9&bitm_scale=17.0.0&bitm_security=17.0.1&bitm_highloadblock=17.0.2&bitm_translate=15.0.0&bitm_vote=17.5.0&bitm_mobileapp=17.0.1&bitm_bitrixcloud=17.0.0&bitm_forum=17.5.1&bitm_photogallery=17.0.2&bitm_fileman=17.5.0&bitm_blog=17.5.2&bitm_subscribe=17.0.0&bitm_seo=17.0.6&bitm_form=17.0.1&bitm_socialservices=17.1.4&bitm_iblock=17.0.9&bitm_perfmon=17.0.0&bitm_b24connector=17.0.1&bitm_clouds=17.0.0&bitm_search=17.0.1&bitm_compression=16.0.0&bitl_en=&bitl_ru=&SUPD_SRS=RU&SUPD_CMP=N&SALE_15=Y
2017-11-15 09:36:16 -  - exec CUpdateClient::GetHTTPPage
2017-11-15 09:36:16 -  - TIME GetUpdatesList(request) 0.179 sec
2017-11-15 09:36:16 -  - exec CUpdateClient::ParseServerData
2017-11-15 09:36:22 -  - exec CUpdateClient::LoadModulesUpdates
2017-11-15 09:36:22 -  - exec CUpdateClient::CollectRequestData
2017-11-15 09:36:22 -  - LICENSE_KEY=X&lang=ru&SUPD_VER=17.5.0&VERSION=17.0.9&TYPENC=D&SUPD_STS=1&SUPD_URS=0&SUPD_DBS=MYSQL&XE=N&CLIENT_SITE=10.64.248.66&CHHB=10.64.248.66%3A80&CSAB=127.0.0.1&SUID=47b3825d614960e96db8850df38be1c3&CANGZIP=Y&CLIENT_PHPVER=7.0.21&stable=Y&NGINX=Y&rerere=Y&bitm_main=17.0.9&bitm_scale=17.0.0&bitm_security=17.0.1&bitm_highloadblock=17.0.2&bitm_translate=15.0.0&bitm_vote=17.5.0&bitm_mobileapp=17.0.1&bitm_bitrixcloud=17.0.0&bitm_forum=17.5.1&bitm_photogallery=17.0.2&bitm_fileman=17.5.0&bitm_blog=17.5.2&bitm_subscribe=17.0.0&bitm_seo=17.0.6&bitm_form=17.0.1&bitm_socialservices=17.1.4&bitm_iblock=17.0.9&bitm_perfmon=17.0.0&bitm_b24connector=17.0.1&bitm_clouds=17.0.0&bitm_search=17.0.1&bitm_compression=16.0.0&bitl_en=&bitl_ru=&SUPD_SRS=RU&SUPD_CMP=N&SALE_15=Y
2017-11-15 09:36:22 -  - exec CUpdateClient::GetHTTPPage
2017-11-15 09:36:22 -  - TIME LoadModulesUpdates(request) 0.197 sec
2017-11-15 09:36:22 -  - exec CUpdateClient::ParseServerData
2017-11-15 09:36:22 - S - STEP
2017-11-15 09:36:22 - LMU01 - LoadModulesUpdates-Step
2017-11-15 09:36:22 -  - exec CUpdateClient::LoadModulesUpdates
2017-11-15 09:36:22 -  - exec CUpdateClient::ParseServerData
2017-11-15 09:36:22 -  - loadFile
2017-11-15 09:36:22 - U - RETURN
2017-11-15 09:36:22 -  - exec CUpdateClient::UnGzipArchive
2017-11-15 09:36:22 -  - TIME UnGzipArchive 0.002 sec
2017-11-15 09:36:22 - CSURUS1 - Run updater '/bitrix/updates/update_m1510727782/main/updater17.0.10.php'
2017-11-15 09:36:22 - CRUPDCF1 - Run updater '/bitrix/updates/update_m1510727782/main/updater17.0.10.php': CopyFiles(install/components, components)
2017-11-15 09:36:22 -  - TIME UpdateStepModules 0.003 sec
2017-11-15 09:36:22 - UPD_SUCCESS - Updated: main (17.0.10)<br><li>Исправлена ошибка сохранения выбранного соглашения в параметрах компонента. <li>Исправлена проблема с работоспособностью компонента main.userconsent.request после копирования шаблона компонента. 
2017-11-15 09:36:22 -  - exec CUpdateClient::LoadModulesUpdates
2017-11-15 09:36:22 -  - exec CUpdateClient::CollectRequestData
2017-11-15 09:36:22 -  - LICENSE_KEY=X&lang=ru&SUPD_VER=17.5.0&VERSION=17.0.10&TYPENC=D&SUPD_STS=1&SUPD_URS=0&SUPD_DBS=MYSQL&XE=N&CLIENT_SITE=10.64.248.66&CHHB=10.64.248.66%3A80&CSAB=127.0.0.1&SUID=47b3825d614960e96db8850df38be1c3&CANGZIP=Y&CLIENT_PHPVER=7.0.21&stable=Y&NGINX=Y&rerere=Y&bitm_main=17.0.10&bitm_scale=17.0.0&bitm_security=17.0.1&bitm_highloadblock=17.0.2&bitm_translate=15.0.0&bitm_vote=17.5.0&bitm_mobileapp=17.0.1&bitm_bitrixcloud=17.0.0&bitm_forum=17.5.1&bitm_photogallery=17.0.2&bitm_fileman=17.5.0&bitm_blog=17.5.2&bitm_subscribe=17.0.0&bitm_seo=17.0.6&bitm_form=17.0.1&bitm_socialservices=17.1.4&bitm_iblock=17.0.9&bitm_perfmon=17.0.0&bitm_b24connector=17.0.1&bitm_clouds=17.0.0&bitm_search=17.0.1&bitm_compression=16.0.0&bitl_en=&bitl_ru=&SUPD_SRS=RU&SUPD_CMP=N&SALE_15=Y
2017-11-15 09:36:22 -  - exec CUpdateClient::GetHTTPPage
2017-11-15 09:36:22 -  - TIME LoadModulesUpdates(request) 0.16 sec
2017-11-15 09:36:22 -  - exec CUpdateClient::ParseServerData
2017-11-15 09:36:22 - S - STEP
2017-11-15 09:36:22 - LMU01 - LoadModulesUpdates-Step
2017-11-15 09:36:23 -  - exec CUpdateClient::LoadModulesUpdates
2017-11-15 09:36:23 -  - exec CUpdateClient::ParseServerData
2017-11-15 09:36:23 -  - loadFile
2017-11-15 09:36:24 - U - RETURN
2017-11-15 09:36:24 -  - exec CUpdateClient::UnGzipArchive
2017-11-15 09:36:24 -  - TIME UnGzipArchive 0.135 sec
2017-11-15 09:36:24 - CSURUS1 - Run updater '/bitrix/updates/update_m1510727784/main/updater17.0.11.php'
2017-11-15 09:36:24 - CRUPDCF1 - Run updater '/bitrix/updates/update_m1510727784/main/updater17.0.11.php': CopyFiles(install/components, components)
2017-11-15 09:36:24 - CRUPDCF1 - Run updater '/bitrix/updates/update_m1510727784/main/updater17.0.11.php': CopyFiles(install/js, js)
2017-11-15 09:36:24 - CRUPDCF1 - Run updater '/bitrix/updates/update_m1510727784/main/updater17.0.11.php': CopyFiles(install/panel, panel)
2017-11-15 09:36:24 - CRUPDCF1 - Run updater '/bitrix/updates/update_m1510727784/main/updater17.0.11.php': CopyFiles(install/css, css)
2017-11-15 09:36:24 -  - TIME UpdateStepModules 0.185 sec
2017-11-15 09:36:24 - UPD_SUCCESS - Updated: main (17.0.11)<br><li>На странице с списком пользователей, в административной панели, подключен новый грид и фильтр. <li>Исправление ошибок.
2017-11-15 09:36:24 -  - exec CUpdateClient::LoadModulesUpdates
2017-11-15 09:36:24 -  - exec CUpdateClient::CollectRequestData
2017-11-15 09:36:24 -  - LICENSE_KEY=X&lang=ru&SUPD_VER=17.5.0&VERSION=17.0.11&TYPENC=D&SUPD_STS=1&SUPD_URS=0&SUPD_DBS=MYSQL&XE=N&CLIENT_SITE=10.64.248.66&CHHB=10.64.248.66%3A80&CSAB=127.0.0.1&SUID=47b3825d614960e96db8850df38be1c3&CANGZIP=Y&CLIENT_PHPVER=7.0.21&stable=Y&NGINX=Y&rerere=Y&bitm_main=17.0.11&bitm_scale=17.0.0&bitm_security=17.0.1&bitm_highloadblock=17.0.2&bitm_translate=15.0.0&bitm_vote=17.5.0&bitm_mobileapp=17.0.1&bitm_bitrixcloud=17.0.0&bitm_forum=17.5.1&bitm_photogallery=17.0.2&bitm_fileman=17.5.0&bitm_blog=17.5.2&bitm_subscribe=17.0.0&bitm_seo=17.0.6&bitm_form=17.0.1&bitm_socialservices=17.1.4&bitm_iblock=17.0.9&bitm_perfmon=17.0.0&bitm_b24connector=17.0.1&bitm_clouds=17.0.0&bitm_search=17.0.1&bitm_compression=16.0.0&bitl_en=&bitl_ru=&SUPD_SRS=RU&SUPD_CMP=N&SALE_15=Y
2017-11-15 09:36:24 -  - exec CUpdateClient::GetHTTPPage
2017-11-15 09:36:24 -  - TIME LoadModulesUpdates(request) 0.165 sec
2017-11-15 09:36:24 -  - exec CUpdateClient::ParseServerData
2017-11-15 09:36:24 - S - STEP
2017-11-15 09:36:24 - LMU01 - LoadModulesUpdates-Step
2017-11-15 09:36:24 -  - exec CUpdateClient::LoadModulesUpdates
2017-11-15 09:36:24 -  - exec CUpdateClient::ParseServerData
2017-11-15 09:36:24 -  - loadFile
2017-11-15 09:36:24 - U - RETURN
2017-11-15 09:36:24 -  - exec CUpdateClient::UnGzipArchive
2017-11-15 09:36:24 -  - TIME UnGzipArchive 0.004 sec
2017-11-15 09:36:24 -  - TIME UpdateStepModules 0.003 sec
2017-11-15 09:36:24 - UPD_SUCCESS - Updated: main (17.0.12)<br><li>Исправление ошибок в проверке системы 
2017-11-15 09:36:24 -  - exec CUpdateClient::LoadModulesUpdates
2017-11-15 09:36:24 -  - exec CUpdateClient::CollectRequestData
2017-11-15 09:36:24 -  - LICENSE_KEY=X&lang=ru&SUPD_VER=17.5.0&VERSION=17.0.12&TYPENC=D&SUPD_STS=1&SUPD_URS=0&SUPD_DBS=MYSQL&XE=N&CLIENT_SITE=10.64.248.66&CHHB=10.64.248.66%3A80&CSAB=127.0.0.1&SUID=47b3825d614960e96db8850df38be1c3&CANGZIP=Y&CLIENT_PHPVER=7.0.21&stable=Y&NGINX=Y&rerere=Y&bitm_main=17.0.12&bitm_scale=17.0.0&bitm_security=17.0.1&bitm_highloadblock=17.0.2&bitm_translate=15.0.0&bitm_vote=17.5.0&bitm_mobileapp=17.0.1&bitm_bitrixcloud=17.0.0&bitm_forum=17.5.1&bitm_photogallery=17.0.2&bitm_fileman=17.5.0&bitm_blog=17.5.2&bitm_subscribe=17.0.0&bitm_seo=17.0.6&bitm_form=17.0.1&bitm_socialservices=17.1.4&bitm_iblock=17.0.9&bitm_perfmon=17.0.0&bitm_b24connector=17.0.1&bitm_clouds=17.0.0&bitm_search=17.0.1&bitm_compression=16.0.0&bitl_en=&bitl_ru=&SUPD_SRS=RU&SUPD_CMP=N&SALE_15=Y
2017-11-15 09:36:24 -  - exec CUpdateClient::GetHTTPPage
2017-11-15 09:36:25 -  - TIME LoadModulesUpdates(request) 0.167 sec
2017-11-15 09:36:25 -  - exec CUpdateClient::ParseServerData
2017-11-15 09:36:25 - S - STEP
2017-11-15 09:36:25 - LMU01 - LoadModulesUpdates-Step
2017-11-15 09:36:25 -  - exec CUpdateClient::LoadModulesUpdates
2017-11-15 09:36:25 -  - exec CUpdateClient::ParseServerData
2017-11-15 09:36:25 -  - loadFile
2017-11-15 09:36:25 - U - RETURN
2017-11-15 09:36:25 -  - exec CUpdateClient::UnGzipArchive
2017-11-15 09:36:25 -  - TIME UnGzipArchive 0.014 sec
2017-11-15 09:36:25 - CSURUS1 - Run updater '/bitrix/updates/update_m1510727785/main/updater17.0.13.php'
2017-11-15 09:36:25 - CRUPDCF1 - Run updater '/bitrix/updates/update_m1510727785/main/updater17.0.13.php': CopyFiles(install/js, js)
2017-11-15 09:36:25 - CRUPDCF1 - Run updater '/bitrix/updates/update_m1510727785/main/updater17.0.13.php': CopyFiles(install/components, components)
2017-11-15 09:36:25 -  - TIME UpdateStepModules 0.021 sec
2017-11-15 09:36:25 - UPD_SUCCESS - Updated: main (17.0.13)<br><li>Добавлено отображение заглушки видео в редакторе. <li>Исправления ошибок в просмотрщике файлов.
2017-11-15 09:36:25 -  - exec CUpdateClient::LoadModulesUpdates
2017-11-15 09:36:25 -  - exec CUpdateClient::CollectRequestData
2017-11-15 09:36:25 -  - LICENSE_KEY=X&lang=ru&SUPD_VER=17.5.0&VERSION=17.0.13&TYPENC=D&SUPD_STS=1&SUPD_URS=0&SUPD_DBS=MYSQL&XE=N&CLIENT_SITE=10.64.248.66&CHHB=10.64.248.66%3A80&CSAB=127.0.0.1&SUID=47b3825d614960e96db8850df38be1c3&CANGZIP=Y&CLIENT_PHPVER=7.0.21&stable=Y&NGINX=Y&rerere=Y&bitm_main=17.0.13&bitm_scale=17.0.0&bitm_security=17.0.1&bitm_highloadblock=17.0.2&bitm_translate=15.0.0&bitm_vote=17.5.0&bitm_mobileapp=17.0.1&bitm_bitrixcloud=17.0.0&bitm_forum=17.5.1&bitm_photogallery=17.0.2&bitm_fileman=17.5.0&bitm_blog=17.5.2&bitm_subscribe=17.0.0&bitm_seo=17.0.6&bitm_form=17.0.1&bitm_socialservices=17.1.4&bitm_iblock=17.0.9&bitm_perfmon=17.0.0&bitm_b24connector=17.0.1&bitm_clouds=17.0.0&bitm_search=17.0.1&bitm_compression=16.0.0&bitl_en=&bitl_ru=&SUPD_SRS=RU&SUPD_CMP=N&SALE_15=Y
2017-11-15 09:36:25 -  - exec CUpdateClient::GetHTTPPage
2017-11-15 09:36:25 -  - TIME LoadModulesUpdates(request) 0.18 sec
2017-11-15 09:36:25 -  - exec CUpdateClient::ParseServerData
2017-11-15 09:36:25 - S - STEP
2017-11-15 09:36:25 - LMU01 - LoadModulesUpdates-Step
2017-11-15 09:36:25 -  - exec CUpdateClient::LoadModulesUpdates
2017-11-15 09:36:25 -  - exec CUpdateClient::ParseServerData
2017-11-15 09:36:25 -  - loadFile
2017-11-15 09:36:33 - U - RETURN
2017-11-15 09:36:33 -  - exec CUpdateClient::UnGzipArchive
2017-11-15 09:36:33 -  - TIME UnGzipArchive 0.245 sec
2017-11-15 09:36:33 - CSURUS1 - Run updater '/bitrix/updates/update_m1510727793/main/updater17.0.14.php'
2017-11-15 09:36:33 - CRUPDCF1 - Run updater '/bitrix/updates/update_m1510727793/main/updater17.0.14.php': CopyFiles(install/components, components)
2017-11-15 09:36:33 - CRUPDCF1 - Run updater '/bitrix/updates/update_m1510727793/main/updater17.0.14.php': CopyFiles(install/js, js)
2017-11-15 09:36:33 - CRUPDCF1 - Run updater '/bitrix/updates/update_m1510727793/main/updater17.0.14.php': CopyFiles(install/tools, tools)
2017-11-15 09:36:33 -  - TIME UpdateStepModules 0.316 sec
2017-11-15 09:36:33 - UPD_SUCCESS - Updated: main (17.0.14)<br><li>Изменения в механизме пользовательских полей. <li>Новый тип поля \"Ссылка\". <li>Новое представление для поля типа \"Список\". <li>Возможность задавать подписи для пользовательских полей типа \"Да/Нет\". 
2017-11-15 09:36:33 -  - exec CUpdateClient::LoadModulesUpdates
2017-11-15 09:36:33 -  - exec CUpdateClient::CollectRequestData
2017-11-15 09:36:33 -  - LICENSE_KEY=X&lang=ru&SUPD_VER=17.5.0&VERSION=17.0.14&TYPENC=D&SUPD_STS=1&SUPD_URS=0&SUPD_DBS=MYSQL&XE=N&CLIENT_SITE=10.64.248.66&CHHB=10.64.248.66%3A80&CSAB=127.0.0.1&SUID=47b3825d614960e96db8850df38be1c3&CANGZIP=Y&CLIENT_PHPVER=7.0.21&stable=Y&NGINX=Y&rerere=Y&bitm_main=17.0.14&bitm_scale=17.0.0&bitm_security=17.0.1&bitm_highloadblock=17.0.2&bitm_translate=15.0.0&bitm_vote=17.5.0&bitm_mobileapp=17.0.1&bitm_bitrixcloud=17.0.0&bitm_forum=17.5.1&bitm_photogallery=17.0.2&bitm_fileman=17.5.0&bitm_blog=17.5.2&bitm_subscribe=17.0.0&bitm_seo=17.0.6&bitm_form=17.0.1&bitm_socialservices=17.1.4&bitm_iblock=17.0.9&bitm_perfmon=17.0.0&bitm_b24connector=17.0.1&bitm_clouds=17.0.0&bitm_search=17.0.1&bitm_compression=16.0.0&bitl_en=&bitl_ru=&SUPD_SRS=RU&SUPD_CMP=N&SALE_15=Y
2017-11-15 09:36:33 -  - exec CUpdateClient::GetHTTPPage
2017-11-15 09:36:33 -  - TIME LoadModulesUpdates(request) 0.169 sec
2017-11-15 09:36:33 -  - exec CUpdateClient::ParseServerData
2017-11-15 09:36:33 - S - STEP
2017-11-15 09:36:33 - LMU01 - LoadModulesUpdates-Step
2017-11-15 09:36:33 -  - exec CUpdateClient::LoadModulesUpdates
2017-11-15 09:36:33 -  - exec CUpdateClient::ParseServerData
2017-11-15 09:36:33 -  - loadFile
2017-11-15 09:36:34 - U - RETURN
2017-11-15 09:36:34 -  - exec CUpdateClient::UnGzipArchive
2017-11-15 09:36:34 -  - TIME UnGzipArchive 0.01 sec
2017-11-15 09:36:34 - CSURUS1 - Run updater '/bitrix/updates/update_m1510727794/main/updater17.0.15.php'
2017-11-15 09:36:34 - CRUPDCF1 - Run updater '/bitrix/updates/update_m1510727794/main/updater17.0.15.php': CopyFiles(install/js, js)
2017-11-15 09:36:34 - CRUPDCF1 - Run updater '/bitrix/updates/update_m1510727794/main/updater17.0.15.php': CopyFiles(install/components, components)
2017-11-15 09:36:34 -  - TIME UpdateStepModules 0.014 sec
2017-11-15 09:36:34 - UPD_SUCCESS - Updated: main (17.0.15)<br><li>Служебные изменения в резервном копировании.
2017-11-15 09:36:34 -  - exec CUpdateClient::LoadModulesUpdates
2017-11-15 09:36:34 -  - exec CUpdateClient::CollectRequestData
2017-11-15 09:36:34 -  - LICENSE_KEY=X&lang=ru&SUPD_VER=17.5.0&VERSION=17.0.15&TYPENC=D&SUPD_STS=1&SUPD_URS=0&SUPD_DBS=MYSQL&XE=N&CLIENT_SITE=10.64.248.66&CHHB=10.64.248.66%3A80&CSAB=127.0.0.1&SUID=47b3825d614960e96db8850df38be1c3&CANGZIP=Y&CLIENT_PHPVER=7.0.21&stable=Y&NGINX=Y&rerere=Y&bitm_main=17.0.15&bitm_scale=17.0.0&bitm_security=17.0.1&bitm_highloadblock=17.0.2&bitm_translate=15.0.0&bitm_vote=17.5.0&bitm_mobileapp=17.0.1&bitm_bitrixcloud=17.0.0&bitm_forum=17.5.1&bitm_photogallery=17.0.2&bitm_fileman=17.5.0&bitm_blog=17.5.2&bitm_subscribe=17.0.0&bitm_seo=17.0.6&bitm_form=17.0.1&bitm_socialservices=17.1.4&bitm_iblock=17.0.9&bitm_perfmon=17.0.0&bitm_b24connector=17.0.1&bitm_clouds=17.0.0&bitm_search=17.0.1&bitm_compression=16.0.0&bitl_en=&bitl_ru=&SUPD_SRS=RU&SUPD_CMP=N&SALE_15=Y
2017-11-15 09:36:34 -  - exec CUpdateClient::GetHTTPPage
2017-11-15 09:36:34 -  - TIME LoadModulesUpdates(request) 0.17 sec
2017-11-15 09:36:34 -  - exec CUpdateClient::ParseServerData
2017-11-15 09:36:34 - S - STEP
2017-11-15 09:36:34 - LMU01 - LoadModulesUpdates-Step
2017-11-15 09:36:34 -  - exec CUpdateClient::LoadModulesUpdates
2017-11-15 09:36:34 -  - exec CUpdateClient::ParseServerData
2017-11-15 09:36:34 -  - loadFile
2017-11-15 09:36:34 - U - RETURN
2017-11-15 09:36:34 -  - exec CUpdateClient::UnGzipArchive
2017-11-15 09:36:34 -  - TIME UnGzipArchive 0.037 sec
2017-11-15 09:36:34 - CSURUS1 - Run updater '/bitrix/updates/update_m1510727794/main/updater17.1.0/index.php'
2017-11-15 09:36:34 - CRUPDCF1 - Run updater '/bitrix/updates/update_m1510727794/main/updater17.1.0/index.php': CopyFiles(install/admin, admin)
2017-11-15 09:36:34 - CRUPDCF1 - Run updater '/bitrix/updates/update_m1510727794/main/updater17.1.0/index.php': CopyFiles(install/panel, panel)
2017-11-15 09:36:34 - CRUPDCDF2 - Run updater '/bitrix/updates/update_m1510727794/main/updater17.1.0/index.php': Query(CREATE TABLE b_composite_page (
				ID int(18) NOT NULL AUTO_INCREMENT,
				CACHE_KEY varchar(2000) NOT NULL,
				HOST varchar(100) NOT NULL,
				URI varchar(2000) NOT NULL,
				TITLE varchar(250) NULL,
				CREATED datetime NOT NULL,
				CHANGED datetime NOT NULL,
				LAST_VIEWED datetime NOT NULL,
				VIEWS int(18) NOT NULL DEFAULT 0,
				REWRITES int(18) NOT NULL DEFAULT 0,
				SIZE int(18) NOT NULL DEFAULT 0,
				PRIMARY KEY (ID),
				INDEX IX_B_COMPOSITE_PAGE_CACHE_KEY(CACHE_KEY(100)),
				INDEX IX_B_COMPOSITE_PAGE_VIEWED(LAST_VIEWED),
				INDEX IX_B_COMPOSITE_PAGE_HOST(HOST)
			);, )
2017-11-15 09:36:34 - CRUPDCDF2 - Run updater '/bitrix/updates/update_m1510727794/main/updater17.1.0/index.php': Query(CREATE TABLE b_composite_log (
				ID int(18) NOT NULL AUTO_INCREMENT,
				HOST varchar(100) NOT NULL,
				URI varchar(2000) NOT NULL,
				TITLE varchar(250) NULL,
				CREATED datetime NOT NULL,
				TYPE varchar(50) NOT NULL,
				MESSAGE longtext,
				AJAX char(1) NOT NULL DEFAULT 'N',
				USER_ID int(18) NOT NULL DEFAULT 0,
				PAGE_ID int(18) NOT NULL DEFAULT 0,
				PRIMARY KEY (ID),
				INDEX IX_B_COMPOSITE_LOG_PAGE_ID(PAGE_ID),
				INDEX IX_B_COMPOSITE_LOG_HOST(HOST),
				INDEX IX_B_COMPOSITE_LOG_TYPE(TYPE)
			);, )
2017-11-15 09:36:35 -  - TIME UpdateStepModules 0.067 sec
2017-11-15 09:36:35 - UPD_SUCCESS - Updated: main (17.1.0)<br><li><b>Масштабный рефакторинг композита.</b> <li>Все классы технологии теперь находятся в пространстве имен <b>\\Bitrix\\Main\\Composite\\</b>. <li>В административном разделе добавлены новые страницы мониторинга и отладки. <li>Логирование всех ошибок, при которых режим кеширования может не сработать. <li>Отказ от константы <b>BX_COMPOSITE_DEBUG</b>. <li>Визуальное сравнение версий для поиска причин перезаписи кеша. <li>Автоматическая очистка старого кеша при достижении файлового лимита (LRU-алгоритм). <b>Внимание!</b> После установки обновления необходимо <a href=\"/bitrix/admin/cache.php?lang=ru&cachetype=html&tabControl_active_tab=fedit2\" target=\"_blank\">очистить композитный кеш</a>. 
2017-11-15 09:36:35 -  - exec CUpdateClient::LoadModulesUpdates
2017-11-15 09:36:35 -  - exec CUpdateClient::CollectRequestData
2017-11-15 09:36:35 -  - LICENSE_KEY=X&lang=ru&SUPD_VER=17.5.0&VERSION=17.1.0&TYPENC=D&SUPD_STS=1&SUPD_URS=0&SUPD_DBS=MYSQL&XE=N&CLIENT_SITE=10.64.248.66&CHHB=10.64.248.66%3A80&CSAB=127.0.0.1&SUID=47b3825d614960e96db8850df38be1c3&CANGZIP=Y&CLIENT_PHPVER=7.0.21&stable=Y&NGINX=Y&rerere=Y&bitm_main=17.1.0&bitm_scale=17.0.0&bitm_security=17.0.1&bitm_highloadblock=17.0.2&bitm_translate=15.0.0&bitm_vote=17.5.0&bitm_mobileapp=17.0.1&bitm_bitrixcloud=17.0.0&bitm_forum=17.5.1&bitm_photogallery=17.0.2&bitm_fileman=17.5.0&bitm_blog=17.5.2&bitm_subscribe=17.0.0&bitm_seo=17.0.6&bitm_form=17.0.1&bitm_socialservices=17.1.4&bitm_iblock=17.0.9&bitm_perfmon=17.0.0&bitm_b24connector=17.0.1&bitm_clouds=17.0.0&bitm_search=17.0.1&bitm_compression=16.0.0&bitl_en=&bitl_ru=&SUPD_SRS=RU&SUPD_CMP=N&SALE_15=Y
2017-11-15 09:36:35 -  - exec CUpdateClient::GetHTTPPage
2017-11-15 09:36:35 -  - TIME LoadModulesUpdates(request) 0.157 sec
2017-11-15 09:36:35 -  - exec CUpdateClient::ParseServerData
2017-11-15 09:36:35 - S - STEP
2017-11-15 09:36:35 - LMU01 - LoadModulesUpdates-Step
2017-11-15 09:36:35 -  - exec CUpdateClient::LoadModulesUpdates
2017-11-15 09:36:35 -  - exec CUpdateClient::ParseServerData
2017-11-15 09:36:35 -  - loadFile
2017-11-15 09:36:54 - U - RETURN
2017-11-15 09:36:54 -  - exec CUpdateClient::UnGzipArchive
2017-11-15 09:36:55 -  - TIME UnGzipArchive 0.371 sec
2017-11-15 09:36:55 - CSURUS1 - Run updater '/bitrix/updates/update_m1510727814/main/updater17.5.0.php'
2017-11-15 09:36:55 - CRUPDCF1 - Run updater '/bitrix/updates/update_m1510727814/main/updater17.5.0.php': CopyFiles(install/admin, admin)
2017-11-15 09:36:55 - CRUPDCF1 - Run updater '/bitrix/updates/update_m1510727814/main/updater17.5.0.php': CopyFiles(install/components, components)
2017-11-15 09:36:55 - CRUPDCF1 - Run updater '/bitrix/updates/update_m1510727814/main/updater17.5.0.php': CopyFiles(install/css, css)
2017-11-15 09:36:55 - CRUPDCF1 - Run updater '/bitrix/updates/update_m1510727814/main/updater17.5.0.php': CopyFiles(install/gadgets, gadgets)
2017-11-15 09:36:55 - CRUPDCF1 - Run updater '/bitrix/updates/update_m1510727814/main/updater17.5.0.php': CopyFiles(install/js, js)
2017-11-15 09:36:55 - CRUPDCF1 - Run updater '/bitrix/updates/update_m1510727814/main/updater17.5.0.php': CopyFiles(install/panel, panel)
2017-11-15 09:36:55 - CRUPDCF1 - Run updater '/bitrix/updates/update_m1510727814/main/updater17.5.0.php': CopyFiles(install/tools, tools)
2017-11-15 09:36:55 - CRUPDCDF2 - Run updater '/bitrix/updates/update_m1510727814/main/updater17.5.0.php': Query(alter table b_short_uri modify URI varchar(2000) not null, )
2017-11-15 09:36:55 - CRUPDCDF2 - Run updater '/bitrix/updates/update_m1510727814/main/updater17.5.0.php': Query(DELETE FROM b_consent_user_consent where AGREEMENT_ID not in (select ID from b_consent_agreement), )
2017-11-15 09:36:55 -  - TIME UpdateStepModules 0.543 sec
2017-11-15 09:36:55 - UPD_SUCCESS - Updated: main (17.5.0)<br><li>В настройках модуля добавлена возможность принятия соглашения при регистрации пользователей. <li>В проверке системы добавлен тест push-сервера в виртуальной машине 7.1. <li>В проверке системы добавлен тест модуля XMPP, а также другие улучшения. <li>Доработан диалог просмотра файлов для показа видео. <li>Исправлена ошибка создания и распаковки резервной копии на некоторых системах. <li>Исправлен ряд интерфейсных ошибок. 
2017-11-15 09:36:55 -  - exec CUpdateClient::LoadModulesUpdates
2017-11-15 09:36:55 -  - exec CUpdateClient::CollectRequestData
2017-11-15 09:36:55 -  - LICENSE_KEY=X&lang=ru&SUPD_VER=17.5.0&VERSION=17.5.0&TYPENC=D&SUPD_STS=1&SUPD_URS=0&SUPD_DBS=MYSQL&XE=N&CLIENT_SITE=10.64.248.66&CHHB=10.64.248.66%3A80&CSAB=127.0.0.1&SUID=47b3825d614960e96db8850df38be1c3&CANGZIP=Y&CLIENT_PHPVER=7.0.21&stable=Y&NGINX=Y&rerere=Y&bitm_main=17.5.0&bitm_scale=17.0.0&bitm_security=17.0.1&bitm_highloadblock=17.0.2&bitm_translate=15.0.0&bitm_vote=17.5.0&bitm_mobileapp=17.0.1&bitm_bitrixcloud=17.0.0&bitm_forum=17.5.1&bitm_photogallery=17.0.2&bitm_fileman=17.5.0&bitm_blog=17.5.2&bitm_subscribe=17.0.0&bitm_seo=17.0.6&bitm_form=17.0.1&bitm_socialservices=17.1.4&bitm_iblock=17.0.9&bitm_perfmon=17.0.0&bitm_b24connector=17.0.1&bitm_clouds=17.0.0&bitm_search=17.0.1&bitm_compression=16.0.0&bitl_en=&bitl_ru=&SUPD_SRS=RU&SUPD_CMP=N&SALE_15=Y
2017-11-15 09:36:55 -  - exec CUpdateClient::GetHTTPPage
2017-11-15 09:36:55 -  - TIME LoadModulesUpdates(request) 0.215 sec
2017-11-15 09:36:55 -  - exec CUpdateClient::ParseServerData
2017-11-15 09:36:55 - S - STEP
2017-11-15 09:36:55 - LMU01 - LoadModulesUpdates-Step
2017-11-15 09:36:56 -  - exec CUpdateClient::LoadModulesUpdates
2017-11-15 09:36:56 -  - exec CUpdateClient::ParseServerData
2017-11-15 09:36:56 -  - loadFile
2017-11-15 09:36:57 - U - RETURN
2017-11-15 09:36:57 -  - exec CUpdateClient::UnGzipArchive
2017-11-15 09:36:57 -  - TIME UnGzipArchive 0.157 sec
2017-11-15 09:36:57 - CSURUS1 - Run updater '/bitrix/updates/update_m1510727817/main/updater17.5.1.php'
2017-11-15 09:36:57 - CRUPDCF1 - Run updater '/bitrix/updates/update_m1510727817/main/updater17.5.1.php': CopyFiles(install/components, components)
2017-11-15 09:36:57 - CRUPDCF1 - Run updater '/bitrix/updates/update_m1510727817/main/updater17.5.1.php': CopyFiles(install/js, js)
2017-11-15 09:36:57 - CRUPDCF1 - Run updater '/bitrix/updates/update_m1510727817/main/updater17.5.1.php': CopyFiles(install/panel, panel)
2017-11-15 09:36:57 - CRUPDCDF2 - Run updater '/bitrix/updates/update_m1510727817/main/updater17.5.1.php': Query(
			CREATE TABLE b_user_index
			(
				USER_ID int(11) not null,
				SEARCH_USER_CONTENT text null,
				SEARCH_DEPARTMENT_CONTENT text null,
				NAME varchar(50),
				LAST_NAME varchar(50),
				SECOND_NAME varchar(50),
				WORK_POSITION varchar(255),
				UF_DEPARTMENT_NAME varchar(255),
				PRIMARY KEY (USER_ID)
			), )
2017-11-15 09:36:57 - CRUPDCDF2 - Run updater '/bitrix/updates/update_m1510727817/main/updater17.5.1.php': Query(CREATE INDEX ix_b_event_log_audit_type ON b_event_log (AUDIT_TYPE_ID), )
2017-11-15 09:36:57 -  - TIME UpdateStepModules 0.384 sec
2017-11-15 09:36:57 - UPD_SUCCESS - Updated: main (17.5.1)<br><li>В механизме объединения стилей убрана поддержка старых версий IE. <li>Исправлен ряд интерфейсных ошибок. <li>Разработчикам: добавлена таблица b_user_index для полнотекстового поиска по персональным данным пользователей. 
2017-11-15 09:36:58 -  - exec CUpdateClient::LoadModulesUpdates
2017-11-15 09:36:58 -  - exec CUpdateClient::CollectRequestData
2017-11-15 09:36:58 -  - LICENSE_KEY=X&lang=ru&SUPD_VER=17.5.0&VERSION=17.5.1&TYPENC=D&SUPD_STS=1&SUPD_URS=0&SUPD_DBS=MYSQL&XE=N&CLIENT_SITE=10.64.248.66&CHHB=10.64.248.66%3A80&CSAB=127.0.0.1&SUID=47b3825d614960e96db8850df38be1c3&CANGZIP=Y&CLIENT_PHPVER=7.0.21&stable=Y&NGINX=Y&rerere=Y&bitm_main=17.5.1&bitm_scale=17.0.0&bitm_security=17.0.1&bitm_highloadblock=17.0.2&bitm_translate=15.0.0&bitm_vote=17.5.0&bitm_mobileapp=17.0.1&bitm_bitrixcloud=17.0.0&bitm_forum=17.5.1&bitm_photogallery=17.0.2&bitm_fileman=17.5.0&bitm_blog=17.5.2&bitm_subscribe=17.0.0&bitm_seo=17.0.6&bitm_form=17.0.1&bitm_socialservices=17.1.4&bitm_iblock=17.0.9&bitm_perfmon=17.0.0&bitm_b24connector=17.0.1&bitm_clouds=17.0.0&bitm_search=17.0.1&bitm_compression=16.0.0&bitl_en=&bitl_ru=&SUPD_SRS=RU&SUPD_CMP=N&SALE_15=Y
2017-11-15 09:36:58 -  - exec CUpdateClient::GetHTTPPage
2017-11-15 09:36:58 -  - TIME LoadModulesUpdates(request) 0.164 sec
2017-11-15 09:36:58 -  - exec CUpdateClient::ParseServerData
2017-11-15 09:36:58 - S - STEP
2017-11-15 09:36:58 - LMU01 - LoadModulesUpdates-Step
2017-11-15 09:36:58 -  - exec CUpdateClient::LoadModulesUpdates
2017-11-15 09:36:58 -  - exec CUpdateClient::ParseServerData
2017-11-15 09:36:58 -  - loadFile
2017-11-15 09:36:59 - U - RETURN
2017-11-15 09:36:59 -  - exec CUpdateClient::UnGzipArchive
2017-11-15 09:37:00 -  - TIME UnGzipArchive 0.12 sec
2017-11-15 09:37:00 - CSURUS1 - Run updater '/bitrix/updates/update_m1510727819/main/updater17.5.2/index.php'
2017-11-15 09:37:00 - CRUPDCF1 - Run updater '/bitrix/updates/update_m1510727819/main/updater17.5.2/index.php': CopyFiles(install/components, components)
2017-11-15 09:37:00 - CRUPDCF1 - Run updater '/bitrix/updates/update_m1510727819/main/updater17.5.2/index.php': CopyFiles(install/gadgets, gadgets)
2017-11-15 09:37:00 - CRUPDCF1 - Run updater '/bitrix/updates/update_m1510727819/main/updater17.5.2/index.php': CopyFiles(install/js, js)
2017-11-15 09:37:00 - CRUPDCF1 - Run updater '/bitrix/updates/update_m1510727819/main/updater17.5.2/index.php': CopyFiles(install/tools, tools)
2017-11-15 09:37:00 - CRUPDCDF2 - Run updater '/bitrix/updates/update_m1510727819/main/updater17.5.2/index.php': Query(
				create table b_user_auth_action
				(
					ID int NOT NULL AUTO_INCREMENT,
					USER_ID int NOT NULL,
					PRIORITY int NOT NULL DEFAULT 100,
					ACTION varchar(20),
					ACTION_DATE datetime NOT NULL,
					PRIMARY KEY (ID),
					index ix_auth_action_user(USER_ID, PRIORITY),
					index ix_auth_action_date(ACTION_DATE)
				)
			, )
2017-11-15 09:37:00 - CRUPDCDF2 - Run updater '/bitrix/updates/update_m1510727819/main/updater17.5.2/index.php': Query(INSERT INTO b_agent (MODULE_ID, SORT, NAME, ACTIVE, AGENT_INTERVAL, IS_PERIOD, NEXT_EXEC) VALUES('main', 100, 'CUser::AuthActionsCleanUpAgent();', 'Y', 60*60*24, 'N', '2017-11-16 04:15:00'), )
2017-11-15 09:37:00 -  - TIME UpdateStepModules 0.321 sec
2017-11-15 09:37:00 - UPD_SUCCESS - Updated: main (17.5.2)<br><li>Добавлен механизм обновления сессии пользователя после деактивации, удаления и обновления критичных данных пользователя. <li>Добавлен компонент main.mail.confirm и почтовое событие для подтверждения email. <li>В компоненте system.auth.registration добавлены соглашения в шаблон flat. <li>Исправлен ряд интерфейсных ошибок. 
2017-11-15 09:37:00 -  - exec CUpdateClient::LoadModulesUpdates
2017-11-15 09:37:00 -  - exec CUpdateClient::CollectRequestData
2017-11-15 09:37:00 -  - LICENSE_KEY=X&lang=ru&SUPD_VER=17.5.0&VERSION=17.5.2&TYPENC=D&SUPD_STS=1&SUPD_URS=0&SUPD_DBS=MYSQL&XE=N&CLIENT_SITE=10.64.248.66&CHHB=10.64.248.66%3A80&CSAB=127.0.0.1&SUID=47b3825d614960e96db8850df38be1c3&CANGZIP=Y&CLIENT_PHPVER=7.0.21&stable=Y&NGINX=Y&rerere=Y&bitm_main=17.5.2&bitm_scale=17.0.0&bitm_security=17.0.1&bitm_highloadblock=17.0.2&bitm_translate=15.0.0&bitm_vote=17.5.0&bitm_mobileapp=17.0.1&bitm_bitrixcloud=17.0.0&bitm_forum=17.5.1&bitm_photogallery=17.0.2&bitm_fileman=17.5.0&bitm_blog=17.5.2&bitm_subscribe=17.0.0&bitm_seo=17.0.6&bitm_form=17.0.1&bitm_socialservices=17.1.4&bitm_iblock=17.0.9&bitm_perfmon=17.0.0&bitm_b24connector=17.0.1&bitm_clouds=17.0.0&bitm_search=17.0.1&bitm_compression=16.0.0&bitl_en=&bitl_ru=&SUPD_SRS=RU&SUPD_CMP=N&SALE_15=Y
2017-11-15 09:37:00 -  - exec CUpdateClient::GetHTTPPage
2017-11-15 09:37:00 -  - TIME LoadModulesUpdates(request) 0.192 sec
2017-11-15 09:37:00 -  - exec CUpdateClient::ParseServerData
2017-11-15 09:37:00 - S - STEP
2017-11-15 09:37:00 - LMU01 - LoadModulesUpdates-Step
2017-11-15 09:37:00 -  - exec CUpdateClient::LoadModulesUpdates
2017-11-15 09:37:00 -  - exec CUpdateClient::ParseServerData
2017-11-15 09:37:00 -  - loadFile
2017-11-15 09:37:02 - U - RETURN
2017-11-15 09:37:02 -  - exec CUpdateClient::UnGzipArchive
2017-11-15 09:37:02 -  - TIME UnGzipArchive 0.196 sec
2017-11-15 09:37:02 - CSURUS1 - Run updater '/bitrix/updates/update_m1510727822/main/updater17.5.3/index.php'
2017-11-15 09:37:02 - CRUPDCF1 - Run updater '/bitrix/updates/update_m1510727822/main/updater17.5.3/index.php': CopyFiles(install/components, components)
2017-11-15 09:37:02 - CRUPDCF1 - Run updater '/bitrix/updates/update_m1510727822/main/updater17.5.3/index.php': CopyFiles(install/js, js)
2017-11-15 09:37:02 -  - TIME UpdateStepModules 0.111 sec
2017-11-15 09:37:02 - UPD_SUCCESS - Updated: main (17.5.3)<br><li>В парсер текста добавлена поддержка хештегов. <li>Исправлен ряд интерфейсных ошибок. 
2017-11-15 09:37:02 -  - exec CUpdateClient::LoadModulesUpdates
2017-11-15 09:37:02 -  - exec CUpdateClient::CollectRequestData
2017-11-15 09:37:02 -  - LICENSE_KEY=X&lang=ru&SUPD_VER=17.5.0&VERSION=17.5.3&TYPENC=D&SUPD_STS=1&SUPD_URS=0&SUPD_DBS=MYSQL&XE=N&CLIENT_SITE=10.64.248.66&CHHB=10.64.248.66%3A80&CSAB=127.0.0.1&SUID=47b3825d614960e96db8850df38be1c3&CANGZIP=Y&CLIENT_PHPVER=7.0.21&stable=Y&NGINX=Y&rerere=Y&bitm_main=17.5.3&bitm_scale=17.0.0&bitm_security=17.0.1&bitm_highloadblock=17.0.2&bitm_translate=15.0.0&bitm_vote=17.5.0&bitm_mobileapp=17.0.1&bitm_bitrixcloud=17.0.0&bitm_forum=17.5.1&bitm_photogallery=17.0.2&bitm_fileman=17.5.0&bitm_blog=17.5.2&bitm_subscribe=17.0.0&bitm_seo=17.0.6&bitm_form=17.0.1&bitm_socialservices=17.1.4&bitm_iblock=17.0.9&bitm_perfmon=17.0.0&bitm_b24connector=17.0.1&bitm_clouds=17.0.0&bitm_search=17.0.1&bitm_compression=16.0.0&bitl_en=&bitl_ru=&SUPD_SRS=RU&SUPD_CMP=N&SALE_15=Y
2017-11-15 09:37:02 -  - exec CUpdateClient::GetHTTPPage
2017-11-15 09:37:02 -  - TIME LoadModulesUpdates(request) 0.468 sec
2017-11-15 09:37:02 -  - exec CUpdateClient::ParseServerData
2017-11-15 09:37:02 - S - STEP
2017-11-15 09:37:02 - LMU01 - LoadModulesUpdates-Step
2017-11-15 09:37:03 -  - exec CUpdateClient::LoadModulesUpdates
2017-11-15 09:37:03 -  - exec CUpdateClient::ParseServerData
2017-11-15 09:37:03 -  - loadFile
2017-11-15 09:37:03 - U - RETURN
2017-11-15 09:37:03 -  - exec CUpdateClient::UnGzipArchive
2017-11-15 09:37:03 -  - TIME UnGzipArchive 0.001 sec
2017-11-15 09:37:03 - CSURUS1 - Run updater '/bitrix/updates/update_m1510727823/main/updater17.5.4.php'
2017-11-15 09:37:03 - CRUPDCF1 - Run updater '/bitrix/updates/update_m1510727823/main/updater17.5.4.php': CopyFiles(install/components, components)
2017-11-15 09:37:03 -  - TIME UpdateStepModules 0.003 sec
2017-11-15 09:37:03 - UPD_SUCCESS - Updated: main (17.5.4)<br><li>Исправлена ошибка невозможности поиска в списках при отсутствии нового API слайдеров.
2017-11-15 09:37:03 -  - exec CUpdateClient::LoadModulesUpdates
2017-11-15 09:37:03 -  - exec CUpdateClient::CollectRequestData
2017-11-15 09:37:03 -  - LICENSE_KEY=X&lang=ru&SUPD_VER=17.5.0&VERSION=17.5.4&TYPENC=D&SUPD_STS=1&SUPD_URS=0&SUPD_DBS=MYSQL&XE=N&CLIENT_SITE=10.64.248.66&CHHB=10.64.248.66%3A80&CSAB=127.0.0.1&SUID=47b3825d614960e96db8850df38be1c3&CANGZIP=Y&CLIENT_PHPVER=7.0.21&stable=Y&NGINX=Y&rerere=Y&bitm_main=17.5.4&bitm_scale=17.0.0&bitm_security=17.0.1&bitm_highloadblock=17.0.2&bitm_translate=15.0.0&bitm_vote=17.5.0&bitm_mobileapp=17.0.1&bitm_bitrixcloud=17.0.0&bitm_forum=17.5.1&bitm_photogallery=17.0.2&bitm_fileman=17.5.0&bitm_blog=17.5.2&bitm_subscribe=17.0.0&bitm_seo=17.0.6&bitm_form=17.0.1&bitm_socialservices=17.1.4&bitm_iblock=17.0.9&bitm_perfmon=17.0.0&bitm_b24connector=17.0.1&bitm_clouds=17.0.0&bitm_search=17.0.1&bitm_compression=16.0.0&bitl_en=&bitl_ru=&SUPD_SRS=RU&SUPD_CMP=N&SALE_15=Y
2017-11-15 09:37:03 -  - exec CUpdateClient::GetHTTPPage
2017-11-15 09:37:03 -  - TIME LoadModulesUpdates(request) 0.21 sec
2017-11-15 09:37:03 -  - exec CUpdateClient::ParseServerData
2017-11-15 09:37:03 - S - STEP
2017-11-15 09:37:03 - LMU01 - LoadModulesUpdates-Step
2017-11-15 09:37:03 -  - exec CUpdateClient::LoadModulesUpdates
2017-11-15 09:37:03 -  - exec CUpdateClient::ParseServerData
2017-11-15 09:37:03 -  - loadFile
2017-11-15 09:37:03 - U - RETURN
2017-11-15 09:37:03 -  - exec CUpdateClient::UnGzipArchive
2017-11-15 09:37:03 -  - TIME UnGzipArchive 0.002 sec
2017-11-15 09:37:03 - CSURUS1 - Run updater '/bitrix/updates/update_m1510727823/fileman/updater17.5.1.php'
2017-11-15 09:37:03 - CRUPDCF1 - Run updater '/bitrix/updates/update_m1510727823/fileman/updater17.5.1.php': CopyFiles(install/js, js)
2017-11-15 09:37:03 -  - TIME UpdateStepModules 0.003 sec
2017-11-15 09:37:03 - UPD_SUCCESS - Updated: fileman (17.5.1)<br><li>Добавлено событие OnIframeBeforeGetValue в визуальный редактор. 
2017-11-15 09:37:03 -  - exec CUpdateClient::LoadModulesUpdates
2017-11-15 09:37:03 -  - exec CUpdateClient::CollectRequestData
2017-11-15 09:37:03 -  - LICENSE_KEY=X&lang=ru&SUPD_VER=17.5.0&VERSION=17.5.4&TYPENC=D&SUPD_STS=1&SUPD_URS=0&SUPD_DBS=MYSQL&XE=N&CLIENT_SITE=10.64.248.66&CHHB=10.64.248.66%3A80&CSAB=127.0.0.1&SUID=47b3825d614960e96db8850df38be1c3&CANGZIP=Y&CLIENT_PHPVER=7.0.21&stable=Y&NGINX=Y&rerere=Y&bitm_main=17.5.4&bitm_scale=17.0.0&bitm_security=17.0.1&bitm_highloadblock=17.0.2&bitm_translate=15.0.0&bitm_vote=17.5.0&bitm_mobileapp=17.0.1&bitm_bitrixcloud=17.0.0&bitm_forum=17.5.1&bitm_photogallery=17.0.2&bitm_fileman=17.5.1&bitm_blog=17.5.2&bitm_subscribe=17.0.0&bitm_seo=17.0.6&bitm_form=17.0.1&bitm_socialservices=17.1.4&bitm_iblock=17.0.9&bitm_perfmon=17.0.0&bitm_b24connector=17.0.1&bitm_clouds=17.0.0&bitm_search=17.0.1&bitm_compression=16.0.0&bitl_en=&bitl_ru=&SUPD_SRS=RU&SUPD_CMP=N&SALE_15=Y
2017-11-15 09:37:03 -  - exec CUpdateClient::GetHTTPPage
2017-11-15 09:37:03 -  - TIME LoadModulesUpdates(request) 0.198 sec
2017-11-15 09:37:03 -  - exec CUpdateClient::ParseServerData
2017-11-15 09:37:03 - S - STEP
2017-11-15 09:37:03 - LMU01 - LoadModulesUpdates-Step
2017-11-15 09:37:03 -  - exec CUpdateClient::LoadModulesUpdates
2017-11-15 09:37:03 -  - exec CUpdateClient::ParseServerData
2017-11-15 09:37:03 -  - loadFile
2017-11-15 09:37:06 - U - RETURN
2017-11-15 09:37:06 -  - exec CUpdateClient::UnGzipArchive
2017-11-15 09:37:06 -  - TIME UnGzipArchive 0.193 sec
2017-11-15 09:37:06 - CSURUS1 - Run updater '/bitrix/updates/update_m1510727826/fileman/updater17.5.2.php'
2017-11-15 09:37:06 - CRUPDCF1 - Run updater '/bitrix/updates/update_m1510727826/fileman/updater17.5.2.php': CopyFiles(install/components, components)
2017-11-15 09:37:06 - CRUPDCF1 - Run updater '/bitrix/updates/update_m1510727826/fileman/updater17.5.2.php': CopyFiles(install/js, js)
2017-11-15 09:37:06 - CRUPDCF1 - Run updater '/bitrix/updates/update_m1510727826/fileman/updater17.5.2.php': CopyFiles(install/images, images)
2017-11-15 09:37:06 -  - TIME UpdateStepModules 0.236 sec
2017-11-15 09:37:06 - UPD_SUCCESS - Updated: fileman (17.5.2)<br><li>Добавлен новый компонент для просмотра pdf-файлов. <li>Изменения в инициализации плеера. <li>Добавлена загрузка по требованию для плеера. <li>Добавлен автостарт при скролле для плеера.
2017-11-15 09:37:06 -  - exec CUpdateClient::LoadModulesUpdates
2017-11-15 09:37:06 -  - exec CUpdateClient::CollectRequestData
2017-11-15 09:37:06 -  - LICENSE_KEY=X&lang=ru&SUPD_VER=17.5.0&VERSION=17.5.4&TYPENC=D&SUPD_STS=1&SUPD_URS=0&SUPD_DBS=MYSQL&XE=N&CLIENT_SITE=10.64.248.66&CHHB=10.64.248.66%3A80&CSAB=127.0.0.1&SUID=47b3825d614960e96db8850df38be1c3&CANGZIP=Y&CLIENT_PHPVER=7.0.21&stable=Y&NGINX=Y&rerere=Y&bitm_main=17.5.4&bitm_scale=17.0.0&bitm_security=17.0.1&bitm_highloadblock=17.0.2&bitm_translate=15.0.0&bitm_vote=17.5.0&bitm_mobileapp=17.0.1&bitm_bitrixcloud=17.0.0&bitm_forum=17.5.1&bitm_photogallery=17.0.2&bitm_fileman=17.5.2&bitm_blog=17.5.2&bitm_subscribe=17.0.0&bitm_seo=17.0.6&bitm_form=17.0.1&bitm_socialservices=17.1.4&bitm_iblock=17.0.9&bitm_perfmon=17.0.0&bitm_b24connector=17.0.1&bitm_clouds=17.0.0&bitm_search=17.0.1&bitm_compression=16.0.0&bitl_en=&bitl_ru=&SUPD_SRS=RU&SUPD_CMP=N&SALE_15=Y
2017-11-15 09:37:06 -  - exec CUpdateClient::GetHTTPPage
2017-11-15 09:37:06 -  - TIME LoadModulesUpdates(request) 0.168 sec
2017-11-15 09:37:06 -  - exec CUpdateClient::ParseServerData
2017-11-15 09:37:06 - S - STEP
2017-11-15 09:37:06 - LMU01 - LoadModulesUpdates-Step
2017-11-15 09:37:06 -  - exec CUpdateClient::LoadModulesUpdates
2017-11-15 09:37:06 -  - exec CUpdateClient::ParseServerData
2017-11-15 09:37:06 -  - loadFile
2017-11-15 09:37:11 - U - RETURN
2017-11-15 09:37:11 -  - exec CUpdateClient::UnGzipArchive
2017-11-15 09:37:12 -  - TIME UnGzipArchive 0.11 sec
2017-11-15 09:37:12 - CSURUS1 - Run updater '/bitrix/updates/update_m1510727831/fileman/updater17.5.3.php'
2017-11-15 09:37:12 - CRUPDCF1 - Run updater '/bitrix/updates/update_m1510727831/fileman/updater17.5.3.php': CopyFiles(install/js, js)
2017-11-15 09:37:12 - CRUPDCF1 - Run updater '/bitrix/updates/update_m1510727831/fileman/updater17.5.3.php': CopyFiles(install/components, components)
2017-11-15 09:37:12 -  - TIME UpdateStepModules 0.125 sec
2017-11-15 09:37:12 - UPD_SUCCESS - Updated: fileman (17.5.3)<br><li>Добавлен новый тип пользовательских полей \"Адрес\". 
2017-11-15 09:37:12 -  - exec CUpdateClient::LoadModulesUpdates
2017-11-15 09:37:12 -  - exec CUpdateClient::CollectRequestData
2017-11-15 09:37:12 -  - LICENSE_KEY=X&lang=ru&SUPD_VER=17.5.0&VERSION=17.5.4&TYPENC=D&SUPD_STS=1&SUPD_URS=0&SUPD_DBS=MYSQL&XE=N&CLIENT_SITE=10.64.248.66&CHHB=10.64.248.66%3A80&CSAB=127.0.0.1&SUID=47b3825d614960e96db8850df38be1c3&CANGZIP=Y&CLIENT_PHPVER=7.0.21&stable=Y&NGINX=Y&rerere=Y&bitm_main=17.5.4&bitm_scale=17.0.0&bitm_security=17.0.1&bitm_highloadblock=17.0.2&bitm_translate=15.0.0&bitm_vote=17.5.0&bitm_mobileapp=17.0.1&bitm_bitrixcloud=17.0.0&bitm_forum=17.5.1&bitm_photogallery=17.0.2&bitm_fileman=17.5.3&bitm_blog=17.5.2&bitm_subscribe=17.0.0&bitm_seo=17.0.6&bitm_form=17.0.1&bitm_socialservices=17.1.4&bitm_iblock=17.0.9&bitm_perfmon=17.0.0&bitm_b24connector=17.0.1&bitm_clouds=17.0.0&bitm_search=17.0.1&bitm_compression=16.0.0&bitl_en=&bitl_ru=&SUPD_SRS=RU&SUPD_CMP=N&SALE_15=Y
2017-11-15 09:37:12 -  - exec CUpdateClient::GetHTTPPage
2017-11-15 09:37:12 -  - TIME LoadModulesUpdates(request) 0.162 sec
2017-11-15 09:37:12 -  - exec CUpdateClient::ParseServerData
2017-11-15 09:37:12 - S - STEP
2017-11-15 09:37:12 - LMU01 - LoadModulesUpdates-Step
2017-11-15 09:37:12 -  - exec CUpdateClient::LoadModulesUpdates
2017-11-15 09:37:12 -  - exec CUpdateClient::ParseServerData
2017-11-15 09:37:12 -  - loadFile
2017-11-15 09:37:12 - U - RETURN
2017-11-15 09:37:12 -  - exec CUpdateClient::UnGzipArchive
2017-11-15 09:37:12 -  - TIME UnGzipArchive 0.001 sec
2017-11-15 09:37:12 - CSURUS1 - Run updater '/bitrix/updates/update_m1510727832/fileman/updater17.5.4.php'
2017-11-15 09:37:12 - CRUPDCF1 - Run updater '/bitrix/updates/update_m1510727832/fileman/updater17.5.4.php': CopyFiles(install/components, components)
2017-11-15 09:37:12 -  - TIME UpdateStepModules 0.002 sec
2017-11-15 09:37:12 - UPD_SUCCESS - Updated: fileman (17.5.4)<br><li>Незначительные исправления.
2017-11-15 09:37:12 -  - exec CUpdateClient::LoadModulesUpdates
2017-11-15 09:37:12 -  - exec CUpdateClient::CollectRequestData
2017-11-15 09:37:12 -  - LICENSE_KEY=X&lang=ru&SUPD_VER=17.5.0&VERSION=17.5.4&TYPENC=D&SUPD_STS=1&SUPD_URS=0&SUPD_DBS=MYSQL&XE=N&CLIENT_SITE=10.64.248.66&CHHB=10.64.248.66%3A80&CSAB=127.0.0.1&SUID=47b3825d614960e96db8850df38be1c3&CANGZIP=Y&CLIENT_PHPVER=7.0.21&stable=Y&NGINX=Y&rerere=Y&bitm_main=17.5.4&bitm_scale=17.0.0&bitm_security=17.0.1&bitm_highloadblock=17.0.2&bitm_translate=15.0.0&bitm_vote=17.5.0&bitm_mobileapp=17.0.1&bitm_bitrixcloud=17.0.0&bitm_forum=17.5.1&bitm_photogallery=17.0.2&bitm_fileman=17.5.4&bitm_blog=17.5.2&bitm_subscribe=17.0.0&bitm_seo=17.0.6&bitm_form=17.0.1&bitm_socialservices=17.1.4&bitm_iblock=17.0.9&bitm_perfmon=17.0.0&bitm_b24connector=17.0.1&bitm_clouds=17.0.0&bitm_search=17.0.1&bitm_compression=16.0.0&bitl_en=&bitl_ru=&SUPD_SRS=RU&SUPD_CMP=N&SALE_15=Y
2017-11-15 09:37:12 -  - exec CUpdateClient::GetHTTPPage
2017-11-15 09:37:12 -  - TIME LoadModulesUpdates(request) 0.182 sec
2017-11-15 09:37:12 -  - exec CUpdateClient::ParseServerData
2017-11-15 09:37:12 - S - STEP
2017-11-15 09:37:12 - LMU01 - LoadModulesUpdates-Step
2017-11-15 09:37:12 -  - exec CUpdateClient::LoadModulesUpdates
2017-11-15 09:37:12 -  - exec CUpdateClient::ParseServerData
2017-11-15 09:37:12 -  - loadFile
2017-11-15 09:37:13 - U - RETURN
2017-11-15 09:37:13 -  - exec CUpdateClient::UnGzipArchive
2017-11-15 09:37:13 -  - TIME UnGzipArchive 0.004 sec
2017-11-15 09:37:13 - CSURUS1 - Run updater '/bitrix/updates/update_m1510727833/fileman/updater17.5.5.php'
2017-11-15 09:37:13 - CRUPDCF1 - Run updater '/bitrix/updates/update_m1510727833/fileman/updater17.5.5.php': CopyFiles(install/js, js)
2017-11-15 09:37:13 -  - TIME UpdateStepModules 0.006 sec
2017-11-15 09:37:13 - UPD_SUCCESS - Updated: fileman (17.5.5)<br><li>Исправлена ошибка с некорректным скроллированием при редактировании текста в Chrome. <li>Исправлена ошибка с нестабильным поведением редактора в мобильном Chrome и Safari на устройствах Apple.
2017-11-15 09:37:13 -  - exec CUpdateClient::LoadModulesUpdates
2017-11-15 09:37:13 -  - exec CUpdateClient::CollectRequestData
2017-11-15 09:37:13 -  - LICENSE_KEY=X&lang=ru&SUPD_VER=17.5.0&VERSION=17.5.4&TYPENC=D&SUPD_STS=1&SUPD_URS=0&SUPD_DBS=MYSQL&XE=N&CLIENT_SITE=10.64.248.66&CHHB=10.64.248.66%3A80&CSAB=127.0.0.1&SUID=47b3825d614960e96db8850df38be1c3&CANGZIP=Y&CLIENT_PHPVER=7.0.21&stable=Y&NGINX=Y&rerere=Y&bitm_main=17.5.4&bitm_scale=17.0.0&bitm_security=17.0.1&bitm_highloadblock=17.0.2&bitm_translate=15.0.0&bitm_vote=17.5.0&bitm_mobileapp=17.0.1&bitm_bitrixcloud=17.0.0&bitm_forum=17.5.1&bitm_photogallery=17.0.2&bitm_fileman=17.5.5&bitm_blog=17.5.2&bitm_subscribe=17.0.0&bitm_seo=17.0.6&bitm_form=17.0.1&bitm_socialservices=17.1.4&bitm_iblock=17.0.9&bitm_perfmon=17.0.0&bitm_b24connector=17.0.1&bitm_clouds=17.0.0&bitm_search=17.0.1&bitm_compression=16.0.0&bitl_en=&bitl_ru=&SUPD_SRS=RU&SUPD_CMP=N&SALE_15=Y
2017-11-15 09:37:13 -  - exec CUpdateClient::GetHTTPPage
2017-11-15 09:37:13 -  - TIME LoadModulesUpdates(request) 0.184 sec
2017-11-15 09:37:13 -  - exec CUpdateClient::ParseServerData
2017-11-15 09:37:13 - S - STEP
2017-11-15 09:37:13 - LMU01 - LoadModulesUpdates-Step
2017-11-15 09:37:13 -  - exec CUpdateClient::LoadModulesUpdates
2017-11-15 09:37:13 -  - exec CUpdateClient::ParseServerData
2017-11-15 09:37:13 -  - loadFile
2017-11-15 09:37:16 - U - RETURN
2017-11-15 09:37:16 -  - exec CUpdateClient::UnGzipArchive
2017-11-15 09:37:16 -  - TIME UnGzipArchive 0.036 sec
2017-11-15 09:37:16 - CSURUS1 - Run updater '/bitrix/updates/update_m1510727836/iblock/updater17.0.10/index.php'
2017-11-15 09:37:16 - CRUPDCF1 - Run updater '/bitrix/updates/update_m1510727836/iblock/updater17.0.10/index.php': CopyFiles(install/components, components)
2017-11-15 09:37:16 -  - TIME UpdateStepModules 0.038 sec
2017-11-15 09:37:16 - UPD_SUCCESS - Updated: iblock (17.0.10)<br><li>Исправлена ошибка редактирования коэффициентов единиц измерения на административных страницах списков элементов. <li>Исправлена ошибка привязки инфоблока торговых предложений к основному инфоблоку в случае, когда инфоблок торговых предложений хранит свойства в отдельной таблице. <li>Исправлена ошибка выбора разделов собственного инфоблока для свойства типа \"Привязка к разделам с автозаполнением\" в форме редактирования элемента. <li>В компоненте catalog.comments в шаблоне по умолчанию используется новый html-редактор. <li>Исправлены ошибки компонентов catalog.smart.filter, catalog.section. <li>Исправлены ошибки шаблонов по умолчанию компонентов catalog.element, catalog.top. <li>Улучшена производительность шаблонов компонентов catalog.element, catalog.section, catalog.top для свойств с большим числом значений. <li>Улучшена совместимость с PHP 7. <li>В XML-эспорт/импорт добавлена возможность работы с диапазонами цен. <li>Исправлена ошибка привязки к основному разделу при импорте из 1С. <li>Разработчикам: метод \\Bitrix\\Iblock\\Component\\Base::processLinkAction возвращает ответ на аякс-запрос в json-формате. <li>Разработчикам: в методе \\CIBlockElement::GetPropertyValuesArray можно указать перечень возвращаемых полей свойств. <li>Разработчикам: метод \\CAllIBlockSection::GetMixedList поддерживает фильтрацию по ключу CNT_ACTIVE. <li>Разработчикам: в классе \\Bitrix\\Iblock\\Component\\Base можно сохранять рассчитанные цены всех типов. Для включения этой возможности в шаблон необходимо добавить параметр FILL_ITEM_ALL_PRICES типа checkbox. 
2017-11-15 09:37:16 -  - exec CUpdateClient::LoadModulesUpdates
2017-11-15 09:37:16 -  - exec CUpdateClient::CollectRequestData
2017-11-15 09:37:16 -  - LICENSE_KEY=X&lang=ru&SUPD_VER=17.5.0&VERSION=17.5.4&TYPENC=D&SUPD_STS=1&SUPD_URS=0&SUPD_DBS=MYSQL&XE=N&CLIENT_SITE=10.64.248.66&CHHB=10.64.248.66%3A80&CSAB=127.0.0.1&SUID=47b3825d614960e96db8850df38be1c3&CANGZIP=Y&CLIENT_PHPVER=7.0.21&stable=Y&NGINX=Y&rerere=Y&bitm_main=17.5.4&bitm_scale=17.0.0&bitm_security=17.0.1&bitm_highloadblock=17.0.2&bitm_translate=15.0.0&bitm_vote=17.5.0&bitm_mobileapp=17.0.1&bitm_bitrixcloud=17.0.0&bitm_forum=17.5.1&bitm_photogallery=17.0.2&bitm_fileman=17.5.5&bitm_blog=17.5.2&bitm_subscribe=17.0.0&bitm_seo=17.0.6&bitm_form=17.0.1&bitm_socialservices=17.1.4&bitm_iblock=17.0.10&bitm_perfmon=17.0.0&bitm_b24connector=17.0.1&bitm_clouds=17.0.0&bitm_search=17.0.1&bitm_compression=16.0.0&bitl_en=&bitl_ru=&SUPD_SRS=RU&SUPD_CMP=N&SALE_15=Y
2017-11-15 09:37:16 -  - exec CUpdateClient::GetHTTPPage
2017-11-15 09:37:16 -  - TIME LoadModulesUpdates(request) 0.148 sec
2017-11-15 09:37:16 -  - exec CUpdateClient::ParseServerData
2017-11-15 09:37:16 - S - STEP
2017-11-15 09:37:16 - LMU01 - LoadModulesUpdates-Step
2017-11-15 09:37:16 -  - exec CUpdateClient::LoadModulesUpdates
2017-11-15 09:37:16 -  - exec CUpdateClient::ParseServerData
2017-11-15 09:37:16 -  - loadFile
2017-11-15 09:37:18 - U - RETURN
2017-11-15 09:37:18 -  - exec CUpdateClient::UnGzipArchive
2017-11-15 09:37:18 -  - TIME UnGzipArchive 0.041 sec
2017-11-15 09:37:18 - CSURUS1 - Run updater '/bitrix/updates/update_m1510727838/iblock/updater17.0.11/index.php'
2017-11-15 09:37:18 - CRUPDCF1 - Run updater '/bitrix/updates/update_m1510727838/iblock/updater17.0.11/index.php': CopyFiles(install/components, components)
2017-11-15 09:37:18 -  - TIME UpdateStepModules 0.048 sec
2017-11-15 09:37:18 - UPD_SUCCESS - Updated: iblock (17.0.11)<br><li>Изменен интерфейс административной страницы списка инфоблоков. <li>В административной форме редактирования элемента одиночные файловые свойства используют новый файловый загрузчик. <li>В административной форме редактирования раздела изображения используют новый файловый загрузчик. <li>В административном списке элементов исправлена проверка прав для вывода списка групповых действий. <li>Исправлена ошибка строгой проверки разделов при использовании шаблона #SECTION_CODE_PATH#. <li>В компонент catalog.comments добавлена поддержка пользовательских соглашений. Внимание! Для поддержки этой возможности в кастомизированных шаблонах компонент catalog и catalog.element необходимо самостоятельно внести правки. <li>Исправлена ошибка выгрузки количества товара на складах из 1С для редакции \"Малый бизнес\". <li>Исправлены ошибки компонент catalog.section, catalog.top, catalog.search, catalog.link.list, news.mail.list. <li>Исправлены ошибки шаблона по умолчанию компонент catalog.element, catalog.item, catalog.top, catalog.comments. <li>Улучшена производительность компонента catalog.element при большом количестве типов цен. <li>Улучшена производительность компонент catalog.element, catalog.section, catalog.top для инфоблоков с большим количеством значений списочных свойств. <li>Разработчикам: в методы \\CIBlock::GetList, \\CIBlockSection::GetList, \\CIBlockElement::GetList добавлена фильтрация по правам произвольного пользователя. Для использования в фильтр необходимо добавить ключ PERMISSIONS_BY, содержащий ID пользователя.
2017-11-15 09:37:19 -  - exec CUpdateClient::LoadModulesUpdates
2017-11-15 09:37:19 -  - exec CUpdateClient::CollectRequestData
2017-11-15 09:37:19 -  - LICENSE_KEY=X&lang=ru&SUPD_VER=17.5.0&VERSION=17.5.4&TYPENC=D&SUPD_STS=1&SUPD_URS=0&SUPD_DBS=MYSQL&XE=N&CLIENT_SITE=10.64.248.66&CHHB=10.64.248.66%3A80&CSAB=127.0.0.1&SUID=47b3825d614960e96db8850df38be1c3&CANGZIP=Y&CLIENT_PHPVER=7.0.21&stable=Y&NGINX=Y&rerere=Y&bitm_main=17.5.4&bitm_scale=17.0.0&bitm_security=17.0.1&bitm_highloadblock=17.0.2&bitm_translate=15.0.0&bitm_vote=17.5.0&bitm_mobileapp=17.0.1&bitm_bitrixcloud=17.0.0&bitm_forum=17.5.1&bitm_photogallery=17.0.2&bitm_fileman=17.5.5&bitm_blog=17.5.2&bitm_subscribe=17.0.0&bitm_seo=17.0.6&bitm_form=17.0.1&bitm_socialservices=17.1.4&bitm_iblock=17.0.11&bitm_perfmon=17.0.0&bitm_b24connector=17.0.1&bitm_clouds=17.0.0&bitm_search=17.0.1&bitm_compression=16.0.0&bitl_en=&bitl_ru=&SUPD_SRS=RU&SUPD_CMP=N&SALE_15=Y
2017-11-15 09:37:19 -  - exec CUpdateClient::GetHTTPPage
2017-11-15 09:37:19 -  - TIME LoadModulesUpdates(request) 0.269 sec
2017-11-15 09:37:19 -  - exec CUpdateClient::ParseServerData
2017-11-15 09:37:19 - S - STEP
2017-11-15 09:37:19 - LMU01 - LoadModulesUpdates-Step
2017-11-15 09:37:19 -  - exec CUpdateClient::LoadModulesUpdates
2017-11-15 09:37:19 -  - exec CUpdateClient::ParseServerData
2017-11-15 09:37:19 -  - loadFile
2017-11-15 09:37:20 - U - RETURN
2017-11-15 09:37:20 -  - exec CUpdateClient::UnGzipArchive
2017-11-15 09:37:20 -  - TIME UnGzipArchive 0.039 sec
2017-11-15 09:37:20 - CSURUS1 - Run updater '/bitrix/updates/update_m1510727840/iblock/updater17.0.12/index.php'
2017-11-15 09:37:20 - CRUPDCF1 - Run updater '/bitrix/updates/update_m1510727840/iblock/updater17.0.12/index.php': CopyFiles(install/components, components)
2017-11-15 09:37:21 -  - TIME UpdateStepModules 0.065 sec
2017-11-15 09:37:21 - UPD_SUCCESS - Updated: iblock (17.0.12)<br><li>Улучшена производительность формы редактирования элемента инфоблока и торгового предложения. <li>Для свойства типа HTML/Текст значение \"по умолчанию\" выводится в форме редактирования только при создании элемента. <li>Исправлена ошибка записи значения свойства типа HTML/Текст для инфоблоков 2.0. <li>Исправлены ошибки компонентов catalog.smart.filter, catalog.section.list. <li>Исправлены ошибки базового шаблона компонентов catalog.section.list, catalog.socnet.buttons, catalog.element. <li>Исправлена ошибка вывода комментариев в компоненте catalog.comments для неавторизованных пользователей. <li>Исправлена ошибка отображения единиц измерения в административном списке товаров для совмещенного режима отображения.
2017-11-15 09:37:21 -  - exec CUpdateClient::LoadModulesUpdates
2017-11-15 09:37:21 -  - exec CUpdateClient::CollectRequestData
2017-11-15 09:37:21 -  - LICENSE_KEY=X&lang=ru&SUPD_VER=17.5.0&VERSION=17.5.4&TYPENC=D&SUPD_STS=1&SUPD_URS=0&SUPD_DBS=MYSQL&XE=N&CLIENT_SITE=10.64.248.66&CHHB=10.64.248.66%3A80&CSAB=127.0.0.1&SUID=47b3825d614960e96db8850df38be1c3&CANGZIP=Y&CLIENT_PHPVER=7.0.21&stable=Y&NGINX=Y&rerere=Y&bitm_main=17.5.4&bitm_scale=17.0.0&bitm_security=17.0.1&bitm_highloadblock=17.0.2&bitm_translate=15.0.0&bitm_vote=17.5.0&bitm_mobileapp=17.0.1&bitm_bitrixcloud=17.0.0&bitm_forum=17.5.1&bitm_photogallery=17.0.2&bitm_fileman=17.5.5&bitm_blog=17.5.2&bitm_subscribe=17.0.0&bitm_seo=17.0.6&bitm_form=17.0.1&bitm_socialservices=17.1.4&bitm_iblock=17.0.12&bitm_perfmon=17.0.0&bitm_b24connector=17.0.1&bitm_clouds=17.0.0&bitm_search=17.0.1&bitm_compression=16.0.0&bitl_en=&bitl_ru=&SUPD_SRS=RU&SUPD_CMP=N&SALE_15=Y
2017-11-15 09:37:21 -  - exec CUpdateClient::GetHTTPPage
2017-11-15 09:37:21 -  - TIME LoadModulesUpdates(request) 0.182 sec
2017-11-15 09:37:21 -  - exec CUpdateClient::ParseServerData
2017-11-15 09:37:21 - S - STEP
2017-11-15 09:37:21 - LMU01 - LoadModulesUpdates-Step
2017-11-15 09:37:21 -  - exec CUpdateClient::LoadModulesUpdates
2017-11-15 09:37:21 -  - exec CUpdateClient::ParseServerData
2017-11-15 09:37:21 -  - loadFile
2017-11-15 09:37:21 - U - RETURN
2017-11-15 09:37:21 -  - exec CUpdateClient::UnGzipArchive
2017-11-15 09:37:21 -  - TIME UnGzipArchive 0.002 sec
2017-11-15 09:37:21 - CSURUS1 - Run updater '/bitrix/updates/update_m1510727841/subscribe/updater17.0.1.php'
2017-11-15 09:37:21 -  - TIME UpdateStepModules 0.007 sec
2017-11-15 09:37:21 - UPD_SUCCESS - Updated: subscribe (17.0.1)<br><li>Улучшена совместимость с MySQL 5.7. <li>Исправлена ошибка отправки выпусков на дублирующиеся адреса e-mail. 
2017-11-15 09:37:21 -  - exec CUpdateClient::LoadModulesUpdates
2017-11-15 09:37:21 -  - exec CUpdateClient::CollectRequestData
2017-11-15 09:37:21 -  - LICENSE_KEY=X&lang=ru&SUPD_VER=17.5.0&VERSION=17.5.4&TYPENC=D&SUPD_STS=1&SUPD_URS=0&SUPD_DBS=MYSQL&XE=N&CLIENT_SITE=10.64.248.66&CHHB=10.64.248.66%3A80&CSAB=127.0.0.1&SUID=47b3825d614960e96db8850df38be1c3&CANGZIP=Y&CLIENT_PHPVER=7.0.21&stable=Y&NGINX=Y&rerere=Y&bitm_main=17.5.4&bitm_scale=17.0.0&bitm_security=17.0.1&bitm_highloadblock=17.0.2&bitm_translate=15.0.0&bitm_vote=17.5.0&bitm_mobileapp=17.0.1&bitm_bitrixcloud=17.0.0&bitm_forum=17.5.1&bitm_photogallery=17.0.2&bitm_fileman=17.5.5&bitm_blog=17.5.2&bitm_subscribe=17.0.1&bitm_seo=17.0.6&bitm_form=17.0.1&bitm_socialservices=17.1.4&bitm_iblock=17.0.12&bitm_perfmon=17.0.0&bitm_b24connector=17.0.1&bitm_clouds=17.0.0&bitm_search=17.0.1&bitm_compression=16.0.0&bitl_en=&bitl_ru=&SUPD_SRS=RU&SUPD_CMP=N&SALE_15=Y
2017-11-15 09:37:21 -  - exec CUpdateClient::GetHTTPPage
2017-11-15 09:37:21 -  - TIME LoadModulesUpdates(request) 0.179 sec
2017-11-15 09:37:21 -  - exec CUpdateClient::ParseServerData
2017-11-15 09:37:21 - S - STEP
2017-11-15 09:37:21 - LMU01 - LoadModulesUpdates-Step
2017-11-15 09:37:21 -  - exec CUpdateClient::LoadModulesUpdates
2017-11-15 09:37:21 -  - exec CUpdateClient::ParseServerData
2017-11-15 09:37:21 -  - loadFile
2017-11-15 09:37:21 - U - RETURN
2017-11-15 09:37:21 -  - exec CUpdateClient::UnGzipArchive
2017-11-15 09:37:21 -  - TIME UnGzipArchive 0.003 sec
2017-11-15 09:37:21 -  - TIME UpdateStepModules 0.004 sec
2017-11-15 09:37:21 - UPD_SUCCESS - Updated: translate (15.5.0)<br><li>Исправлена ошибка работы настройки \"Конвертировать в национальную кодировку\". <li>Добавлена проверка на формат загружаемых архивов с переводами. <li>Добавлен режим обновления отдельных фраз при загрузке переводов. <li>Исправлена ошибка сохранения данных на странице настроек модуля. <li>Исправлены незначительные ошибки.
2017-11-15 09:37:21 -  - exec CUpdateClient::LoadModulesUpdates
2017-11-15 09:37:21 -  - exec CUpdateClient::CollectRequestData
2017-11-15 09:37:21 -  - LICENSE_KEY=X&lang=ru&SUPD_VER=17.5.0&VERSION=17.5.4&TYPENC=D&SUPD_STS=1&SUPD_URS=0&SUPD_DBS=MYSQL&XE=N&CLIENT_SITE=10.64.248.66&CHHB=10.64.248.66%3A80&CSAB=127.0.0.1&SUID=47b3825d614960e96db8850df38be1c3&CANGZIP=Y&CLIENT_PHPVER=7.0.21&stable=Y&NGINX=Y&rerere=Y&bitm_main=17.5.4&bitm_scale=17.0.0&bitm_security=17.0.1&bitm_highloadblock=17.0.2&bitm_translate=15.5.0&bitm_vote=17.5.0&bitm_mobileapp=17.0.1&bitm_bitrixcloud=17.0.0&bitm_forum=17.5.1&bitm_photogallery=17.0.2&bitm_fileman=17.5.5&bitm_blog=17.5.2&bitm_subscribe=17.0.1&bitm_seo=17.0.6&bitm_form=17.0.1&bitm_socialservices=17.1.4&bitm_iblock=17.0.12&bitm_perfmon=17.0.0&bitm_b24connector=17.0.1&bitm_clouds=17.0.0&bitm_search=17.0.1&bitm_compression=16.0.0&bitl_en=&bitl_ru=&SUPD_SRS=RU&SUPD_CMP=N&SALE_15=Y
2017-11-15 09:37:21 -  - exec CUpdateClient::GetHTTPPage
2017-11-15 09:37:22 -  - TIME LoadModulesUpdates(request) 0.239 sec
2017-11-15 09:37:22 -  - exec CUpdateClient::ParseServerData
2017-11-15 09:37:22 - S - STEP
2017-11-15 09:37:22 - LMU01 - LoadModulesUpdates-Step
2017-11-15 09:37:22 -  - exec CUpdateClient::LoadModulesUpdates
2017-11-15 09:37:22 -  - exec CUpdateClient::ParseServerData
2017-11-15 09:37:22 -  - loadFile
2017-11-15 09:37:22 - U - RETURN
2017-11-15 09:37:22 -  - exec CUpdateClient::UnGzipArchive
2017-11-15 09:37:22 -  - TIME UnGzipArchive 0.003 sec
2017-11-15 09:37:22 -  - TIME UpdateStepModules 0.002 sec
2017-11-15 09:37:22 - UPD_SUCCESS - Updated: translate (16.0.0)<br><li>Исправлена ошибка загрузки переводов.
2017-11-15 09:37:22 -  - exec CUpdateClient::LoadModulesUpdates
2017-11-15 09:37:22 -  - exec CUpdateClient::CollectRequestData
2017-11-15 09:37:22 -  - LICENSE_KEY=X&lang=ru&SUPD_VER=17.5.0&VERSION=17.5.4&TYPENC=D&SUPD_STS=1&SUPD_URS=0&SUPD_DBS=MYSQL&XE=N&CLIENT_SITE=10.64.248.66&CHHB=10.64.248.66%3A80&CSAB=127.0.0.1&SUID=47b3825d614960e96db8850df38be1c3&CANGZIP=Y&CLIENT_PHPVER=7.0.21&stable=Y&NGINX=Y&rerere=Y&bitm_main=17.5.4&bitm_scale=17.0.0&bitm_security=17.0.1&bitm_highloadblock=17.0.2&bitm_translate=16.0.0&bitm_vote=17.5.0&bitm_mobileapp=17.0.1&bitm_bitrixcloud=17.0.0&bitm_forum=17.5.1&bitm_photogallery=17.0.2&bitm_fileman=17.5.5&bitm_blog=17.5.2&bitm_subscribe=17.0.1&bitm_seo=17.0.6&bitm_form=17.0.1&bitm_socialservices=17.1.4&bitm_iblock=17.0.12&bitm_perfmon=17.0.0&bitm_b24connector=17.0.1&bitm_clouds=17.0.0&bitm_search=17.0.1&bitm_compression=16.0.0&bitl_en=&bitl_ru=&SUPD_SRS=RU&SUPD_CMP=N&SALE_15=Y
2017-11-15 09:37:22 -  - exec CUpdateClient::GetHTTPPage
2017-11-15 09:37:22 -  - TIME LoadModulesUpdates(request) 0.199 sec
2017-11-15 09:37:22 -  - exec CUpdateClient::ParseServerData
2017-11-15 09:37:22 - S - STEP
2017-11-15 09:37:22 - LMU01 - LoadModulesUpdates-Step
2017-11-15 09:37:22 -  - exec CUpdateClient::LoadModulesUpdates
2017-11-15 09:37:22 -  - exec CUpdateClient::ParseServerData
2017-11-15 09:37:22 -  - loadFile
2017-11-15 09:37:23 - U - RETURN
2017-11-15 09:37:23 -  - exec CUpdateClient::UnGzipArchive
2017-11-15 09:37:23 -  - TIME UnGzipArchive 0.035 sec
2017-11-15 09:37:23 - CSURUS1 - Run updater '/bitrix/updates/update_m1510727843/blog/updater17.5.3.php'
2017-11-15 09:37:23 - CRUPDCF1 - Run updater '/bitrix/updates/update_m1510727843/blog/updater17.5.3.php': CopyFiles(install/components, components)
2017-11-15 09:37:23 -  - TIME UpdateStepModules 0.396 sec
2017-11-15 09:37:23 - UPD_SUCCESS - Updated: blog (17.5.3)<br><li>Добавлен функционал принятия соглашения об обработке ПД в профиле и в комментариях к записи блога. <li>Исправлена ошибка, при которой при редактировании профиля не заполнялись поля ранее сохранённых значений. <li>Улучшен текстовый редактор в комментариях к записи блога. <li>Добавлены раздельные для каждого блога настройки кнопок текстового редактора. <li>В индекс для поиска в живой ленте теперь добавляются также вопросы и ответы прикрепленных опросов.
2017-11-15 09:37:23 -  - exec CUpdateClient::LoadModulesUpdates
2017-11-15 09:37:23 -  - exec CUpdateClient::CollectRequestData
2017-11-15 09:37:23 -  - LICENSE_KEY=X&lang=ru&SUPD_VER=17.5.0&VERSION=17.5.4&TYPENC=D&SUPD_STS=1&SUPD_URS=0&SUPD_DBS=MYSQL&XE=N&CLIENT_SITE=10.64.248.66&CHHB=10.64.248.66%3A80&CSAB=127.0.0.1&SUID=47b3825d614960e96db8850df38be1c3&CANGZIP=Y&CLIENT_PHPVER=7.0.21&stable=Y&NGINX=Y&rerere=Y&bitm_main=17.5.4&bitm_scale=17.0.0&bitm_security=17.0.1&bitm_highloadblock=17.0.2&bitm_translate=16.0.0&bitm_vote=17.5.0&bitm_mobileapp=17.0.1&bitm_bitrixcloud=17.0.0&bitm_forum=17.5.1&bitm_photogallery=17.0.2&bitm_fileman=17.5.5&bitm_blog=17.5.3&bitm_subscribe=17.0.1&bitm_seo=17.0.6&bitm_form=17.0.1&bitm_socialservices=17.1.4&bitm_iblock=17.0.12&bitm_perfmon=17.0.0&bitm_b24connector=17.0.1&bitm_clouds=17.0.0&bitm_search=17.0.1&bitm_compression=16.0.0&bitl_en=&bitl_ru=&SUPD_SRS=RU&SUPD_CMP=N&SALE_15=Y
2017-11-15 09:37:23 -  - exec CUpdateClient::GetHTTPPage
2017-11-15 09:37:24 -  - TIME LoadModulesUpdates(request) 0.178 sec
2017-11-15 09:37:24 -  - exec CUpdateClient::ParseServerData
2017-11-15 09:37:24 - S - STEP
2017-11-15 09:37:24 - LMU01 - LoadModulesUpdates-Step
2017-11-15 09:37:24 -  - exec CUpdateClient::LoadModulesUpdates
2017-11-15 09:37:24 -  - exec CUpdateClient::ParseServerData
2017-11-15 09:37:24 -  - loadFile
2017-11-15 09:37:24 - U - RETURN
2017-11-15 09:37:24 -  - exec CUpdateClient::UnGzipArchive
2017-11-15 09:37:24 -  - TIME UnGzipArchive 0.005 sec
2017-11-15 09:37:24 -  - TIME UpdateStepModules 0.005 sec
2017-11-15 09:37:24 - UPD_SUCCESS - Updated: blog (17.5.4)<br><li>Поддержка фильтра по типу \"Опросы\" и \"Благодарности\" в живой ленте. 
2017-11-15 09:37:24 -  - exec CUpdateClient::LoadModulesUpdates
2017-11-15 09:37:24 -  - exec CUpdateClient::CollectRequestData
2017-11-15 09:37:24 -  - LICENSE_KEY=X&lang=ru&SUPD_VER=17.5.0&VERSION=17.5.4&TYPENC=D&SUPD_STS=1&SUPD_URS=0&SUPD_DBS=MYSQL&XE=N&CLIENT_SITE=10.64.248.66&CHHB=10.64.248.66%3A80&CSAB=127.0.0.1&SUID=47b3825d614960e96db8850df38be1c3&CANGZIP=Y&CLIENT_PHPVER=7.0.21&stable=Y&NGINX=Y&rerere=Y&bitm_main=17.5.4&bitm_scale=17.0.0&bitm_security=17.0.1&bitm_highloadblock=17.0.2&bitm_translate=16.0.0&bitm_vote=17.5.0&bitm_mobileapp=17.0.1&bitm_bitrixcloud=17.0.0&bitm_forum=17.5.1&bitm_photogallery=17.0.2&bitm_fileman=17.5.5&bitm_blog=17.5.4&bitm_subscribe=17.0.1&bitm_seo=17.0.6&bitm_form=17.0.1&bitm_socialservices=17.1.4&bitm_iblock=17.0.12&bitm_perfmon=17.0.0&bitm_b24connector=17.0.1&bitm_clouds=17.0.0&bitm_search=17.0.1&bitm_compression=16.0.0&bitl_en=&bitl_ru=&SUPD_SRS=RU&SUPD_CMP=N&SALE_15=Y
2017-11-15 09:37:24 -  - exec CUpdateClient::GetHTTPPage
2017-11-15 09:37:24 -  - TIME LoadModulesUpdates(request) 0.159 sec
2017-11-15 09:37:24 -  - exec CUpdateClient::ParseServerData
2017-11-15 09:37:24 - S - STEP
2017-11-15 09:37:24 - LMU01 - LoadModulesUpdates-Step
2017-11-15 09:37:24 -  - exec CUpdateClient::LoadModulesUpdates
2017-11-15 09:37:24 -  - exec CUpdateClient::ParseServerData
2017-11-15 09:37:24 -  - loadFile
2017-11-15 09:37:24 - U - RETURN
2017-11-15 09:37:24 -  - exec CUpdateClient::UnGzipArchive
2017-11-15 09:37:24 -  - TIME UnGzipArchive 0.013 sec
2017-11-15 09:37:24 - CSURUS1 - Run updater '/bitrix/updates/update_m1510727844/blog/updater17.5.5.php'
2017-11-15 09:37:24 - CRUPDCF1 - Run updater '/bitrix/updates/update_m1510727844/blog/updater17.5.5.php': CopyFiles(install/components, components)
2017-11-15 09:37:24 -  - TIME UpdateStepModules 0.02 sec
2017-11-15 09:37:24 - UPD_SUCCESS - Updated: blog (17.5.5)<br><li>Поддержка фильтрации в живой ленте по тегам сообщений.
2017-11-15 09:37:25 -  - exec CUpdateClient::LoadModulesUpdates
2017-11-15 09:37:25 -  - exec CUpdateClient::CollectRequestData
2017-11-15 09:37:25 -  - LICENSE_KEY=X&lang=ru&SUPD_VER=17.5.0&VERSION=17.5.4&TYPENC=D&SUPD_STS=1&SUPD_URS=0&SUPD_DBS=MYSQL&XE=N&CLIENT_SITE=10.64.248.66&CHHB=10.64.248.66%3A80&CSAB=127.0.0.1&SUID=47b3825d614960e96db8850df38be1c3&CANGZIP=Y&CLIENT_PHPVER=7.0.21&stable=Y&NGINX=Y&rerere=Y&bitm_main=17.5.4&bitm_scale=17.0.0&bitm_security=17.0.1&bitm_highloadblock=17.0.2&bitm_translate=16.0.0&bitm_vote=17.5.0&bitm_mobileapp=17.0.1&bitm_bitrixcloud=17.0.0&bitm_forum=17.5.1&bitm_photogallery=17.0.2&bitm_fileman=17.5.5&bitm_blog=17.5.5&bitm_subscribe=17.0.1&bitm_seo=17.0.6&bitm_form=17.0.1&bitm_socialservices=17.1.4&bitm_iblock=17.0.12&bitm_perfmon=17.0.0&bitm_b24connector=17.0.1&bitm_clouds=17.0.0&bitm_search=17.0.1&bitm_compression=16.0.0&bitl_en=&bitl_ru=&SUPD_SRS=RU&SUPD_CMP=N&SALE_15=Y
2017-11-15 09:37:25 -  - exec CUpdateClient::GetHTTPPage
2017-11-15 09:37:25 -  - TIME LoadModulesUpdates(request) 0.19 sec
2017-11-15 09:37:25 -  - exec CUpdateClient::ParseServerData
2017-11-15 09:37:25 - S - STEP
2017-11-15 09:37:25 - LMU01 - LoadModulesUpdates-Step
2017-11-15 09:37:25 -  - exec CUpdateClient::LoadModulesUpdates
2017-11-15 09:37:25 -  - exec CUpdateClient::ParseServerData
2017-11-15 09:37:25 -  - loadFile
2017-11-15 09:37:25 - U - RETURN
2017-11-15 09:37:25 -  - exec CUpdateClient::UnGzipArchive
2017-11-15 09:37:25 -  - TIME UnGzipArchive 0.001 sec
2017-11-15 09:37:25 -  - TIME UpdateStepModules 0.001 sec
2017-11-15 09:37:25 - UPD_SUCCESS - Updated: seo (17.0.7)<br><li>Исправлена ошибка работы с рекламой Facebook. API для работы с рекламой в Facebook переведено на версию 2.10.
2017-11-15 09:37:25 -  - exec CUpdateClient::LoadModulesUpdates
2017-11-15 09:37:25 -  - exec CUpdateClient::CollectRequestData
2017-11-15 09:37:25 -  - LICENSE_KEY=X&lang=ru&SUPD_VER=17.5.0&VERSION=17.5.4&TYPENC=D&SUPD_STS=1&SUPD_URS=0&SUPD_DBS=MYSQL&XE=N&CLIENT_SITE=10.64.248.66&CHHB=10.64.248.66%3A80&CSAB=127.0.0.1&SUID=47b3825d614960e96db8850df38be1c3&CANGZIP=Y&CLIENT_PHPVER=7.0.21&stable=Y&NGINX=Y&rerere=Y&bitm_main=17.5.4&bitm_scale=17.0.0&bitm_security=17.0.1&bitm_highloadblock=17.0.2&bitm_translate=16.0.0&bitm_vote=17.5.0&bitm_mobileapp=17.0.1&bitm_bitrixcloud=17.0.0&bitm_forum=17.5.1&bitm_photogallery=17.0.2&bitm_fileman=17.5.5&bitm_blog=17.5.5&bitm_subscribe=17.0.1&bitm_seo=17.0.7&bitm_form=17.0.1&bitm_socialservices=17.1.4&bitm_iblock=17.0.12&bitm_perfmon=17.0.0&bitm_b24connector=17.0.1&bitm_clouds=17.0.0&bitm_search=17.0.1&bitm_compression=16.0.0&bitl_en=&bitl_ru=&SUPD_SRS=RU&SUPD_CMP=N&SALE_15=Y
2017-11-15 09:37:25 -  - exec CUpdateClient::GetHTTPPage
2017-11-15 09:37:25 -  - TIME LoadModulesUpdates(request) 0.202 sec
2017-11-15 09:37:25 -  - exec CUpdateClient::ParseServerData
2017-11-15 09:37:25 - S - STEP
2017-11-15 09:37:25 - LMU01 - LoadModulesUpdates-Step
2017-11-15 09:37:25 -  - exec CUpdateClient::LoadModulesUpdates
2017-11-15 09:37:25 -  - exec CUpdateClient::ParseServerData
2017-11-15 09:37:25 -  - loadFile
2017-11-15 09:37:25 - U - RETURN
2017-11-15 09:37:25 -  - exec CUpdateClient::UnGzipArchive
2017-11-15 09:37:25 -  - TIME UnGzipArchive 0.001 sec
2017-11-15 09:37:25 -  - TIME UpdateStepModules 0.001 sec
2017-11-15 09:37:25 - UPD_SUCCESS - Updated: socialservices (17.1.5)<br><li>Исправлена ошибка работоспособности двух форм авторизации через соц. сети на одной странице. <li>Сделана поддержка возможности получения ошибок Facebook при авторизации через Facebook.
2017-11-15 09:37:25 -  - exec CUpdateClient::LoadModulesUpdates
2017-11-15 09:37:25 -  - exec CUpdateClient::CollectRequestData
2017-11-15 09:37:25 -  - LICENSE_KEY=X&lang=ru&SUPD_VER=17.5.0&VERSION=17.5.4&TYPENC=D&SUPD_STS=1&SUPD_URS=0&SUPD_DBS=MYSQL&XE=N&CLIENT_SITE=10.64.248.66&CHHB=10.64.248.66%3A80&CSAB=127.0.0.1&SUID=47b3825d614960e96db8850df38be1c3&CANGZIP=Y&CLIENT_PHPVER=7.0.21&stable=Y&NGINX=Y&rerere=Y&bitm_main=17.5.4&bitm_scale=17.0.0&bitm_security=17.0.1&bitm_highloadblock=17.0.2&bitm_translate=16.0.0&bitm_vote=17.5.0&bitm_mobileapp=17.0.1&bitm_bitrixcloud=17.0.0&bitm_forum=17.5.1&bitm_photogallery=17.0.2&bitm_fileman=17.5.5&bitm_blog=17.5.5&bitm_subscribe=17.0.1&bitm_seo=17.0.7&bitm_form=17.0.1&bitm_socialservices=17.1.5&bitm_iblock=17.0.12&bitm_perfmon=17.0.0&bitm_b24connector=17.0.1&bitm_clouds=17.0.0&bitm_search=17.0.1&bitm_compression=16.0.0&bitl_en=&bitl_ru=&SUPD_SRS=RU&SUPD_CMP=N&SALE_15=Y
2017-11-15 09:37:25 -  - exec CUpdateClient::GetHTTPPage
2017-11-15 09:37:25 -  - TIME LoadModulesUpdates(request) 0.192 sec
2017-11-15 09:37:25 -  - exec CUpdateClient::ParseServerData
2017-11-15 09:37:25 - S - STEP
2017-11-15 09:37:25 - LMU01 - LoadModulesUpdates-Step
2017-11-15 09:37:25 -  - exec CUpdateClient::LoadModulesUpdates
2017-11-15 09:37:25 -  - exec CUpdateClient::ParseServerData
2017-11-15 09:37:25 -  - loadFile
2017-11-15 09:37:26 - U - RETURN
2017-11-15 09:37:26 -  - exec CUpdateClient::UnGzipArchive
2017-11-15 09:37:26 -  - TIME UnGzipArchive 0.011 sec
2017-11-15 09:37:26 - CSURUS1 - Run updater '/bitrix/updates/update_m1510727846/seo/updater17.1.0.php'
2017-11-15 09:37:26 - CRUPDCF1 - Run updater '/bitrix/updates/update_m1510727846/seo/updater17.1.0.php': CopyFiles(install/js, js)
2017-11-15 09:37:26 -  - TIME UpdateStepModules 0.039 sec
2017-11-15 09:37:26 - UPD_SUCCESS - Updated: seo (17.1.0)<br><li>Улучшен вид страницы инструментов для поисковой оптимизации. <li>Улучшена безопасность модуля. <li>Добавлена поддержка сервиса Facebook Lead Ads. <li>Добавлена поддержка сервиса ретаргетинга Google AdWords. <li>Визуальные улучшения окна SEO для страницы.
2017-11-15 09:37:26 -  - exec CUpdateClient::LoadModulesUpdates
2017-11-15 09:37:26 -  - exec CUpdateClient::CollectRequestData
2017-11-15 09:37:26 -  - LICENSE_KEY=X&lang=ru&SUPD_VER=17.5.0&VERSION=17.5.4&TYPENC=D&SUPD_STS=1&SUPD_URS=0&SUPD_DBS=MYSQL&XE=N&CLIENT_SITE=10.64.248.66&CHHB=10.64.248.66%3A80&CSAB=127.0.0.1&SUID=47b3825d614960e96db8850df38be1c3&CANGZIP=Y&CLIENT_PHPVER=7.0.21&stable=Y&NGINX=Y&rerere=Y&bitm_main=17.5.4&bitm_scale=17.0.0&bitm_security=17.0.1&bitm_highloadblock=17.0.2&bitm_translate=16.0.0&bitm_vote=17.5.0&bitm_mobileapp=17.0.1&bitm_bitrixcloud=17.0.0&bitm_forum=17.5.1&bitm_photogallery=17.0.2&bitm_fileman=17.5.5&bitm_blog=17.5.5&bitm_subscribe=17.0.1&bitm_seo=17.1.0&bitm_form=17.0.1&bitm_socialservices=17.1.5&bitm_iblock=17.0.12&bitm_perfmon=17.0.0&bitm_b24connector=17.0.1&bitm_clouds=17.0.0&bitm_search=17.0.1&bitm_compression=16.0.0&bitl_en=&bitl_ru=&SUPD_SRS=RU&SUPD_CMP=N&SALE_15=Y
2017-11-15 09:37:26 -  - exec CUpdateClient::GetHTTPPage
2017-11-15 09:37:26 -  - TIME LoadModulesUpdates(request) 0.224 sec
2017-11-15 09:37:26 -  - exec CUpdateClient::ParseServerData
2017-11-15 09:37:26 - S - STEP
2017-11-15 09:37:26 - LMU01 - LoadModulesUpdates-Step
2017-11-15 09:37:26 -  - exec CUpdateClient::LoadModulesUpdates
2017-11-15 09:37:26 -  - exec CUpdateClient::ParseServerData
2017-11-15 09:37:26 -  - loadFile
2017-11-15 09:37:26 - U - RETURN
2017-11-15 09:37:26 -  - exec CUpdateClient::UnGzipArchive
2017-11-15 09:37:26 -  - TIME UnGzipArchive 0.012 sec
2017-11-15 09:37:26 -  - TIME UpdateStepModules 0.021 sec
2017-11-15 09:37:26 - UPD_SUCCESS - Updated: seo (17.1.1)<br><li>Оптимизация некоторых методов работы с Яндекс.Директом. <li>Исправления работы Яндекс.Вебмастера с кириллическими доменами. <li>Исправления работы Яндекс.Вебмастера с HTTPS-протоколом.
2017-11-15 09:37:26 -  - exec CUpdateClient::LoadModulesUpdates
2017-11-15 09:37:26 -  - exec CUpdateClient::CollectRequestData
2017-11-15 09:37:26 -  - LICENSE_KEY=X&lang=ru&SUPD_VER=17.5.0&VERSION=17.5.4&TYPENC=D&SUPD_STS=1&SUPD_URS=0&SUPD_DBS=MYSQL&XE=N&CLIENT_SITE=10.64.248.66&CHHB=10.64.248.66%3A80&CSAB=127.0.0.1&SUID=47b3825d614960e96db8850df38be1c3&CANGZIP=Y&CLIENT_PHPVER=7.0.21&stable=Y&NGINX=Y&rerere=Y&bitm_main=17.5.4&bitm_scale=17.0.0&bitm_security=17.0.1&bitm_highloadblock=17.0.2&bitm_translate=16.0.0&bitm_vote=17.5.0&bitm_mobileapp=17.0.1&bitm_bitrixcloud=17.0.0&bitm_forum=17.5.1&bitm_photogallery=17.0.2&bitm_fileman=17.5.5&bitm_blog=17.5.5&bitm_subscribe=17.0.1&bitm_seo=17.1.1&bitm_form=17.0.1&bitm_socialservices=17.1.5&bitm_iblock=17.0.12&bitm_perfmon=17.0.0&bitm_b24connector=17.0.1&bitm_clouds=17.0.0&bitm_search=17.0.1&bitm_compression=16.0.0&bitl_en=&bitl_ru=&SUPD_SRS=RU&SUPD_CMP=N&SALE_15=Y
2017-11-15 09:37:26 -  - exec CUpdateClient::GetHTTPPage
2017-11-15 09:37:27 -  - TIME LoadModulesUpdates(request) 0.221 sec
2017-11-15 09:37:27 -  - exec CUpdateClient::ParseServerData
2017-11-15 09:37:27 - S - STEP
2017-11-15 09:37:27 - LMU01 - LoadModulesUpdates-Step
2017-11-15 09:37:27 -  - exec CUpdateClient::LoadModulesUpdates
2017-11-15 09:37:27 -  - exec CUpdateClient::ParseServerData
2017-11-15 09:37:27 -  - loadFile
2017-11-15 09:37:27 - U - RETURN
2017-11-15 09:37:27 -  - exec CUpdateClient::UnGzipArchive
2017-11-15 09:37:27 -  - TIME UnGzipArchive 0.005 sec
2017-11-15 09:37:27 - CSURUS1 - Run updater '/bitrix/updates/update_m1510727847/socialservices/updater17.5.0.php'
2017-11-15 09:37:27 - CRUPDCF1 - Run updater '/bitrix/updates/update_m1510727847/socialservices/updater17.5.0.php': CopyFiles(install/components, components)
2017-11-15 09:37:27 - CRUPDCF1 - Run updater '/bitrix/updates/update_m1510727847/socialservices/updater17.5.0.php': CopyFiles(install/gadgets, gadgets)
2017-11-15 09:37:27 -  - TIME UpdateStepModules 0.008 sec
2017-11-15 09:37:27 - UPD_SUCCESS - Updated: socialservices (17.5.0)<br><li>Исправлена ошибка авторизации через \"Одноклассники\". <li>Исправлены ошибки работы с сервисами \"Битрикс\". 
2017-11-15 09:37:27 -  - exec CUpdateClient::LoadModulesUpdates
2017-11-15 09:37:27 -  - exec CUpdateClient::CollectRequestData
2017-11-15 09:37:27 -  - LICENSE_KEY=X&lang=ru&SUPD_VER=17.5.0&VERSION=17.5.4&TYPENC=D&SUPD_STS=1&SUPD_URS=0&SUPD_DBS=MYSQL&XE=N&CLIENT_SITE=10.64.248.66&CHHB=10.64.248.66%3A80&CSAB=127.0.0.1&SUID=47b3825d614960e96db8850df38be1c3&CANGZIP=Y&CLIENT_PHPVER=7.0.21&stable=Y&NGINX=Y&rerere=Y&bitm_main=17.5.4&bitm_scale=17.0.0&bitm_security=17.0.1&bitm_highloadblock=17.0.2&bitm_translate=16.0.0&bitm_vote=17.5.0&bitm_mobileapp=17.0.1&bitm_bitrixcloud=17.0.0&bitm_forum=17.5.1&bitm_photogallery=17.0.2&bitm_fileman=17.5.5&bitm_blog=17.5.5&bitm_subscribe=17.0.1&bitm_seo=17.1.1&bitm_form=17.0.1&bitm_socialservices=17.5.0&bitm_iblock=17.0.12&bitm_perfmon=17.0.0&bitm_b24connector=17.0.1&bitm_clouds=17.0.0&bitm_search=17.0.1&bitm_compression=16.0.0&bitl_en=&bitl_ru=&SUPD_SRS=RU&SUPD_CMP=N&SALE_15=Y
2017-11-15 09:37:27 -  - exec CUpdateClient::GetHTTPPage
2017-11-15 09:37:27 -  - TIME LoadModulesUpdates(request) 0.217 sec
2017-11-15 09:37:27 -  - exec CUpdateClient::ParseServerData
2017-11-15 09:37:27 - S - STEP
2017-11-15 09:37:27 - LMU01 - LoadModulesUpdates-Step
2017-11-15 09:37:27 -  - exec CUpdateClient::LoadModulesUpdates
2017-11-15 09:37:27 -  - exec CUpdateClient::ParseServerData
2017-11-15 09:37:27 -  - loadFile
2017-11-15 09:37:27 - U - RETURN
2017-11-15 09:37:27 -  - exec CUpdateClient::UnGzipArchive
2017-11-15 09:37:27 -  - TIME UnGzipArchive 0.001 sec
2017-11-15 09:37:27 -  - TIME UpdateStepModules 0.002 sec
2017-11-15 09:37:27 - UPD_SUCCESS - Updated: clouds (17.0.1)<br><li>Исправлена ошибка загрузки больших файлов в HotBox.
2017-11-15 09:37:27 -  - exec CUpdateClient::LoadModulesUpdates
2017-11-15 09:37:27 -  - exec CUpdateClient::CollectRequestData
2017-11-15 09:37:27 -  - LICENSE_KEY=X&lang=ru&SUPD_VER=17.5.0&VERSION=17.5.4&TYPENC=D&SUPD_STS=1&SUPD_URS=0&SUPD_DBS=MYSQL&XE=N&CLIENT_SITE=10.64.248.66&CHHB=10.64.248.66%3A80&CSAB=127.0.0.1&SUID=47b3825d614960e96db8850df38be1c3&CANGZIP=Y&CLIENT_PHPVER=7.0.21&stable=Y&NGINX=Y&rerere=Y&bitm_main=17.5.4&bitm_scale=17.0.0&bitm_security=17.0.1&bitm_highloadblock=17.0.2&bitm_translate=16.0.0&bitm_vote=17.5.0&bitm_mobileapp=17.0.1&bitm_bitrixcloud=17.0.0&bitm_forum=17.5.1&bitm_photogallery=17.0.2&bitm_fileman=17.5.5&bitm_blog=17.5.5&bitm_subscribe=17.0.1&bitm_seo=17.1.1&bitm_form=17.0.1&bitm_socialservices=17.5.0&bitm_iblock=17.0.12&bitm_perfmon=17.0.0&bitm_b24connector=17.0.1&bitm_clouds=17.0.1&bitm_search=17.0.1&bitm_compression=16.0.0&bitl_en=&bitl_ru=&SUPD_SRS=RU&SUPD_CMP=N&SALE_15=Y
2017-11-15 09:37:27 -  - exec CUpdateClient::GetHTTPPage
2017-11-15 09:37:27 -  - TIME LoadModulesUpdates(request) 0.167 sec
2017-11-15 09:37:27 -  - exec CUpdateClient::ParseServerData
2017-11-15 09:37:27 - S - STEP
2017-11-15 09:37:27 - LMU01 - LoadModulesUpdates-Step
2017-11-15 09:37:27 -  - exec CUpdateClient::LoadModulesUpdates
2017-11-15 09:37:27 -  - exec CUpdateClient::ParseServerData
2017-11-15 09:37:27 -  - loadFile
2017-11-15 09:37:27 - U - RETURN
2017-11-15 09:37:27 -  - exec CUpdateClient::UnGzipArchive
2017-11-15 09:37:27 -  - TIME UnGzipArchive 0.003 sec
2017-11-15 09:37:27 -  - TIME UpdateStepModules 0.006 sec
2017-11-15 09:37:27 - UPD_SUCCESS - Updated: clouds (17.0.2)<br><li>Для хранилища Hotbox домен hb.cldmail.ru заменён на hb.bizmrg.com. <li>Добавлен учёт очистки кеша ресайза картинок в дисковой квоте. <li>Решена проблема работы с хранилищем clodo.ru при включённом https. <li>Решена проблема загрузки файлов больше 5Мб в Selectel при наличии в их имени пробелов. 
2017-11-15 09:37:27 -  - exec CUpdateClient::LoadModulesUpdates
2017-11-15 09:37:27 -  - exec CUpdateClient::CollectRequestData
2017-11-15 09:37:27 -  - LICENSE_KEY=X&lang=ru&SUPD_VER=17.5.0&VERSION=17.5.4&TYPENC=D&SUPD_STS=1&SUPD_URS=0&SUPD_DBS=MYSQL&XE=N&CLIENT_SITE=10.64.248.66&CHHB=10.64.248.66%3A80&CSAB=127.0.0.1&SUID=47b3825d614960e96db8850df38be1c3&CANGZIP=Y&CLIENT_PHPVER=7.0.21&stable=Y&NGINX=Y&rerere=Y&bitm_main=17.5.4&bitm_scale=17.0.0&bitm_security=17.0.1&bitm_highloadblock=17.0.2&bitm_translate=16.0.0&bitm_vote=17.5.0&bitm_mobileapp=17.0.1&bitm_bitrixcloud=17.0.0&bitm_forum=17.5.1&bitm_photogallery=17.0.2&bitm_fileman=17.5.5&bitm_blog=17.5.5&bitm_subscribe=17.0.1&bitm_seo=17.1.1&bitm_form=17.0.1&bitm_socialservices=17.5.0&bitm_iblock=17.0.12&bitm_perfmon=17.0.0&bitm_b24connector=17.0.1&bitm_clouds=17.0.2&bitm_search=17.0.1&bitm_compression=16.0.0&bitl_en=&bitl_ru=&SUPD_SRS=RU&SUPD_CMP=N&SALE_15=Y
2017-11-15 09:37:27 -  - exec CUpdateClient::GetHTTPPage
2017-11-15 09:37:28 -  - TIME LoadModulesUpdates(request) 0.169 sec
2017-11-15 09:37:28 -  - exec CUpdateClient::ParseServerData
2017-11-15 09:37:28 - S - STEP
2017-11-15 09:37:28 - LMU01 - LoadModulesUpdates-Step
2017-11-15 09:37:28 -  - exec CUpdateClient::LoadModulesUpdates
2017-11-15 09:37:28 -  - exec CUpdateClient::ParseServerData
2017-11-15 09:37:28 -  - loadFile
2017-11-15 09:37:28 - U - RETURN
2017-11-15 09:37:28 -  - exec CUpdateClient::UnGzipArchive
2017-11-15 09:37:28 -  - TIME UnGzipArchive 0.002 sec
2017-11-15 09:37:28 - CSURUS1 - Run updater '/bitrix/updates/update_m1510727848/bitrixcloud/updater17.0.1.php'
2017-11-15 09:37:28 - CRUPDCF1 - Run updater '/bitrix/updates/update_m1510727848/bitrixcloud/updater17.0.1.php': CopyFiles(install/components, components)
2017-11-15 09:37:28 -  - TIME UpdateStepModules 0.003 sec
2017-11-15 09:37:28 - UPD_SUCCESS - Updated: bitrixcloud (17.0.1)<br><li>Убрана индикация расхода трафика CDN. <li>Улучшена совместимость с php 7.0. 
2017-11-15 09:37:28 -  - exec CUpdateClient::LoadModulesUpdates
2017-11-15 09:37:28 -  - exec CUpdateClient::CollectRequestData
2017-11-15 09:37:28 -  - LICENSE_KEY=X&lang=ru&SUPD_VER=17.5.0&VERSION=17.5.4&TYPENC=D&SUPD_STS=1&SUPD_URS=0&SUPD_DBS=MYSQL&XE=N&CLIENT_SITE=10.64.248.66&CHHB=10.64.248.66%3A80&CSAB=127.0.0.1&SUID=47b3825d614960e96db8850df38be1c3&CANGZIP=Y&CLIENT_PHPVER=7.0.21&stable=Y&NGINX=Y&rerere=Y&bitm_main=17.5.4&bitm_scale=17.0.0&bitm_security=17.0.1&bitm_highloadblock=17.0.2&bitm_translate=16.0.0&bitm_vote=17.5.0&bitm_mobileapp=17.0.1&bitm_bitrixcloud=17.0.1&bitm_forum=17.5.1&bitm_photogallery=17.0.2&bitm_fileman=17.5.5&bitm_blog=17.5.5&bitm_subscribe=17.0.1&bitm_seo=17.1.1&bitm_form=17.0.1&bitm_socialservices=17.5.0&bitm_iblock=17.0.12&bitm_perfmon=17.0.0&bitm_b24connector=17.0.1&bitm_clouds=17.0.2&bitm_search=17.0.1&bitm_compression=16.0.0&bitl_en=&bitl_ru=&SUPD_SRS=RU&SUPD_CMP=N&SALE_15=Y
2017-11-15 09:37:28 -  - exec CUpdateClient::GetHTTPPage
2017-11-15 09:37:28 -  - TIME LoadModulesUpdates(request) 0.176 sec
2017-11-15 09:37:28 -  - exec CUpdateClient::ParseServerData
2017-11-15 09:37:28 - S - STEP
2017-11-15 09:37:28 - LMU01 - LoadModulesUpdates-Step
2017-11-15 09:37:28 -  - exec CUpdateClient::LoadModulesUpdates
2017-11-15 09:37:28 -  - exec CUpdateClient::ParseServerData
2017-11-15 09:37:28 -  - loadFile
2017-11-15 09:37:28 - U - RETURN
2017-11-15 09:37:28 -  - exec CUpdateClient::UnGzipArchive
2017-11-15 09:37:28 -  - TIME UnGzipArchive 0.005 sec
2017-11-15 09:37:28 - CSURUS1 - Run updater '/bitrix/updates/update_m1510727848/scale/updater17.0.1.php'
2017-11-15 09:37:28 - CRUPDCF1 - Run updater '/bitrix/updates/update_m1510727848/scale/updater17.0.1.php': CopyFiles(install/js, js)
2017-11-15 09:37:28 -  - TIME UpdateStepModules 0.009 sec
2017-11-15 09:37:28 - UPD_SUCCESS - Updated: scale (17.0.1)<br><li>Исправлена ошибка, при которой затирался пароль в настройках параметров SMTP при редактировании. <li>Добавлена возможность указывать отсутствие / наличие авторизации при настройке параметров SMTP. <li>Другие незначительные исправления. 
2017-11-15 09:37:28 -  - exec CUpdateClient::LoadModulesUpdates
2017-11-15 09:37:28 -  - exec CUpdateClient::CollectRequestData
2017-11-15 09:37:28 -  - LICENSE_KEY=X&lang=ru&SUPD_VER=17.5.0&VERSION=17.5.4&TYPENC=D&SUPD_STS=1&SUPD_URS=0&SUPD_DBS=MYSQL&XE=N&CLIENT_SITE=10.64.248.66&CHHB=10.64.248.66%3A80&CSAB=127.0.0.1&SUID=47b3825d614960e96db8850df38be1c3&CANGZIP=Y&CLIENT_PHPVER=7.0.21&stable=Y&NGINX=Y&rerere=Y&bitm_main=17.5.4&bitm_scale=17.0.1&bitm_security=17.0.1&bitm_highloadblock=17.0.2&bitm_translate=16.0.0&bitm_vote=17.5.0&bitm_mobileapp=17.0.1&bitm_bitrixcloud=17.0.1&bitm_forum=17.5.1&bitm_photogallery=17.0.2&bitm_fileman=17.5.5&bitm_blog=17.5.5&bitm_subscribe=17.0.1&bitm_seo=17.1.1&bitm_form=17.0.1&bitm_socialservices=17.5.0&bitm_iblock=17.0.12&bitm_perfmon=17.0.0&bitm_b24connector=17.0.1&bitm_clouds=17.0.2&bitm_search=17.0.1&bitm_compression=16.0.0&bitl_en=&bitl_ru=&SUPD_SRS=RU&SUPD_CMP=N&SALE_15=Y
2017-11-15 09:37:28 -  - exec CUpdateClient::GetHTTPPage
2017-11-15 09:37:28 -  - TIME LoadModulesUpdates(request) 0.191 sec
2017-11-15 09:37:28 -  - exec CUpdateClient::ParseServerData
2017-11-15 09:37:28 - STEP - Finish - NOUPDATES
2017-11-15 09:37:28 - STEP - Finish - NOUPDATES
2017-11-15 09:37:33 -  - exec CUpdateClient::GetUpdatesList
2017-11-15 09:37:33 -  - exec CUpdateClient::CollectRequestData
2017-11-15 09:37:33 -  - LICENSE_KEY=X&lang=ru&SUPD_VER=17.5.0&VERSION=17.5.4&TYPENC=D&SUPD_STS=1&SUPD_URS=0&SUPD_DBS=MYSQL&XE=N&CLIENT_SITE=10.64.248.66&CHHB=10.64.248.66%3A80&CSAB=127.0.0.1&SUID=47b3825d614960e96db8850df38be1c3&CANGZIP=Y&CLIENT_PHPVER=7.0.21&stable=Y&NGINX=Y&rerere=Y&bitm_main=17.5.4&bitm_scale=17.0.1&bitm_security=17.0.1&bitm_highloadblock=17.0.2&bitm_translate=16.0.0&bitm_vote=17.5.0&bitm_mobileapp=17.0.1&bitm_bitrixcloud=17.0.1&bitm_forum=17.5.1&bitm_photogallery=17.0.2&bitm_fileman=17.5.5&bitm_blog=17.5.5&bitm_subscribe=17.0.1&bitm_seo=17.1.1&bitm_form=17.0.1&bitm_socialservices=17.5.0&bitm_iblock=17.0.12&bitm_perfmon=17.0.0&bitm_b24connector=17.0.1&bitm_clouds=17.0.2&bitm_search=17.0.1&bitm_compression=16.0.0&bitl_en=&bitl_ru=&SUPD_SRS=RU&SUPD_CMP=N&SALE_15=Y
2017-11-15 09:37:33 -  - exec CUpdateClient::GetHTTPPage
2017-11-15 09:37:33 -  - TIME GetUpdatesList(request) 0.169 sec
2017-11-15 09:37:33 -  - exec CUpdateClient::ParseServerData
2017-11-15 10:00:34 -  - exec CUpdateClient::GetUpdatesList
2017-11-15 10:00:34 -  - exec CUpdateClient::CollectRequestData
2017-11-15 10:00:34 -  - LICENSE_KEY=X&lang=ru&SUPD_VER=17.5.0&VERSION=17.5.4&TYPENC=D&SUPD_STS=1&SUPD_URS=0&SUPD_DBS=MYSQL&XE=N&CLIENT_SITE=10.64.248.66&CHHB=10.64.248.66%3A80&CSAB=127.0.0.1&SUID=47b3825d614960e96db8850df38be1c3&CANGZIP=Y&CLIENT_PHPVER=7.0.21&stable=Y&NGINX=Y&rerere=Y&bitm_main=17.5.4&bitm_scale=17.0.1&bitm_security=17.0.1&bitm_highloadblock=17.0.2&bitm_translate=16.0.0&bitm_vote=17.5.0&bitm_mobileapp=17.0.1&bitm_bitrixcloud=17.0.1&bitm_forum=17.5.1&bitm_photogallery=17.0.2&bitm_fileman=17.5.5&bitm_blog=17.5.5&bitm_subscribe=17.0.1&bitm_seo=17.1.1&bitm_form=17.0.1&bitm_socialservices=17.5.0&bitm_iblock=17.0.12&bitm_perfmon=17.0.0&bitm_b24connector=17.0.1&bitm_clouds=17.0.2&bitm_search=17.0.1&bitm_compression=16.0.0&bitl_en=&bitl_ru=&SUPD_SRS=RU&SUPD_CMP=N&SALE_15=Y
2017-11-15 10:00:34 -  - exec CUpdateClient::GetHTTPPage
2017-11-15 10:00:43 -  - TIME GetUpdatesList(request) 8.317 sec
2017-11-15 10:00:43 -  - exec CUpdateClient::ParseServerData
2017-11-16 08:11:16 -  - exec CUpdateClient::GetUpdatesList
2017-11-16 08:11:16 -  - exec CUpdateClient::CollectRequestData
2017-11-16 08:11:16 -  - LICENSE_KEY=X&lang=ru&SUPD_VER=17.5.0&VERSION=17.5.4&TYPENC=D&SUPD_STS=1&SUPD_URS=0&SUPD_DBS=MYSQL&XE=N&CLIENT_SITE=10.64.248.66&CHHB=10.64.248.66%3A80&CSAB=127.0.0.1&SUID=47b3825d614960e96db8850df38be1c3&CANGZIP=Y&CLIENT_PHPVER=7.0.21&stable=Y&NGINX=Y&rerere=Y&bitm_main=17.5.4&bitm_scale=17.0.1&bitm_security=17.0.1&bitm_highloadblock=17.0.2&bitm_translate=16.0.0&bitm_vote=17.5.0&bitm_mobileapp=17.0.1&bitm_bitrixcloud=17.0.1&bitm_forum=17.5.1&bitm_photogallery=17.0.2&bitm_fileman=17.5.5&bitm_blog=17.5.5&bitm_subscribe=17.0.1&bitm_seo=17.1.1&bitm_form=17.0.1&bitm_socialservices=17.5.0&bitm_iblock=17.0.12&bitm_perfmon=17.0.0&bitm_b24connector=17.0.1&bitm_clouds=17.0.2&bitm_search=17.0.1&bitm_compression=16.0.0&bitl_en=&bitl_ru=&SUPD_SRS=RU&SUPD_CMP=N&SALE_15=Y
2017-11-16 08:11:16 -  - exec CUpdateClient::GetHTTPPage
2017-11-16 08:11:31 -  - TIME GetUpdatesList(request) 14.405 sec
2017-11-16 08:11:31 -  - exec CUpdateClient::ParseServerData
2017-11-24 08:49:26 -  - exec CUpdateClient::GetUpdatesList
2017-11-24 08:49:26 -  - exec CUpdateClient::CollectRequestData
2017-11-24 08:49:26 -  - LICENSE_KEY=X&lang=ru&SUPD_VER=17.5.0&VERSION=17.5.4&TYPENC=D&SUPD_STS=1&SUPD_URS=0&SUPD_DBS=MYSQL&XE=N&CLIENT_SITE=10.64.248.66&CHHB=10.64.248.66%3A80&CSAB=127.0.0.1&SUID=47b3825d614960e96db8850df38be1c3&CANGZIP=Y&CLIENT_PHPVER=7.0.21&stable=Y&NGINX=Y&rerere=Y&bitm_main=17.5.4&bitm_scale=17.0.1&bitm_security=17.0.1&bitm_highloadblock=17.0.2&bitm_translate=16.0.0&bitm_vote=17.5.0&bitm_mobileapp=17.0.1&bitm_bitrixcloud=17.0.1&bitm_forum=17.5.1&bitm_photogallery=17.0.2&bitm_fileman=17.5.5&bitm_blog=17.5.5&bitm_subscribe=17.0.1&bitm_seo=17.1.1&bitm_form=17.0.1&bitm_socialservices=17.5.0&bitm_iblock=17.0.12&bitm_perfmon=17.0.0&bitm_b24connector=17.0.1&bitm_clouds=17.0.2&bitm_search=17.0.1&bitm_compression=16.0.0&bitl_en=&bitl_ru=&SUPD_SRS=RU&SUPD_CMP=N&SALE_15=Y
2017-11-24 08:49:26 -  - exec CUpdateClient::GetHTTPPage
2017-11-24 08:49:26 -  - TIME GetUpdatesList(request) 0.539 sec
2017-11-24 08:49:26 -  - exec CUpdateClient::ParseServerData
2017-11-24 08:49:30 -  - exec CUpdateClient::GetUpdatesList
2017-11-24 08:49:30 -  - exec CUpdateClient::CollectRequestData
2017-11-24 08:49:30 -  - LICENSE_KEY=X&lang=ru&SUPD_VER=17.5.0&VERSION=17.5.4&TYPENC=D&SUPD_STS=1&SUPD_URS=0&SUPD_DBS=MYSQL&XE=N&CLIENT_SITE=10.64.248.66&CHHB=10.64.248.66%3A80&CSAB=127.0.0.1&SUID=47b3825d614960e96db8850df38be1c3&CANGZIP=Y&CLIENT_PHPVER=7.0.21&stable=Y&NGINX=Y&rerere=Y&bitm_main=17.5.4&bitm_scale=17.0.1&bitm_security=17.0.1&bitm_highloadblock=17.0.2&bitm_translate=16.0.0&bitm_vote=17.5.0&bitm_mobileapp=17.0.1&bitm_bitrixcloud=17.0.1&bitm_forum=17.5.1&bitm_photogallery=17.0.2&bitm_fileman=17.5.5&bitm_blog=17.5.5&bitm_subscribe=17.0.1&bitm_seo=17.1.1&bitm_form=17.0.1&bitm_socialservices=17.5.0&bitm_iblock=17.0.12&bitm_perfmon=17.0.0&bitm_b24connector=17.0.1&bitm_clouds=17.0.2&bitm_search=17.0.1&bitm_compression=16.0.0&bitl_en=&bitl_ru=&SUPD_SRS=RU&SUPD_CMP=N&SALE_15=Y
2017-11-24 08:49:30 -  - exec CUpdateClient::GetHTTPPage
2017-11-24 08:49:30 -  - TIME GetUpdatesList(request) 0.208 sec
2017-11-24 08:49:30 -  - exec CUpdateClient::ParseServerData
